CRITICAL - 2022-04-06 01:53:15 --> Undefined variable $SiteLinki
#0 C:\xampp\htdocs\Klu_Anket\app\Views\includes\topBar.php(4): CodeIgniter\Debug\Exceptions->errorHandler(2, 'Undefined varia...', 'C:\\xampp\\htdocs...', 4)
#1 C:\xampp\htdocs\Klu_Anket\app\Views\Central.php(22): include_once('C:\\xampp\\htdocs...')
#2 C:\xampp\htdocs\Klu_Anket\system\View\View.php(210): include('C:\\xampp\\htdocs...')
#3 C:\xampp\htdocs\Klu_Anket\system\View\View.php(213): CodeIgniter\View\View->CodeIgniter\View\{closure}()
#4 C:\xampp\htdocs\Klu_Anket\system\Common.php(1089): CodeIgniter\View\View->render('Central', Array, true)
#5 C:\xampp\htdocs\Klu_Anket\app\Controllers\ownerController.php(21): view('Central', Array)
#6 C:\xampp\htdocs\Klu_Anket\system\CodeIgniter.php(832): App\Controllers\ownerController->index()
#7 C:\xampp\htdocs\Klu_Anket\system\CodeIgniter.php(419): CodeIgniter\CodeIgniter->runController(Object(App\Controllers\ownerController))
#8 C:\xampp\htdocs\Klu_Anket\system\CodeIgniter.php(326): CodeIgniter\CodeIgniter->handleRequest(NULL, Object(Config\Cache), false)
#9 C:\xampp\htdocs\Klu_Anket\public\index.php(37): CodeIgniter\CodeIgniter->run()
#10 {main}
CRITICAL - 2022-04-06 01:53:26 --> Undefined variable $SiteLinki
#0 C:\xampp\htdocs\Klu_Anket\app\Views\includes\topBar.php(4): CodeIgniter\Debug\Exceptions->errorHandler(2, 'Undefined varia...', 'C:\\xampp\\htdocs...', 4)
#1 C:\xampp\htdocs\Klu_Anket\app\Views\Central.php(22): include_once('C:\\xampp\\htdocs...')
#2 C:\xampp\htdocs\Klu_Anket\system\View\View.php(210): include('C:\\xampp\\htdocs...')
#3 C:\xampp\htdocs\Klu_Anket\system\View\View.php(213): CodeIgniter\View\View->CodeIgniter\View\{closure}()
#4 C:\xampp\htdocs\Klu_Anket\system\Common.php(1089): CodeIgniter\View\View->render('Central', Array, true)
#5 C:\xampp\htdocs\Klu_Anket\app\Controllers\ownerController.php(21): view('Central', Array)
#6 C:\xampp\htdocs\Klu_Anket\system\CodeIgniter.php(832): App\Controllers\ownerController->index()
#7 C:\xampp\htdocs\Klu_Anket\system\CodeIgniter.php(419): CodeIgniter\CodeIgniter->runController(Object(App\Controllers\ownerController))
#8 C:\xampp\htdocs\Klu_Anket\system\CodeIgniter.php(326): CodeIgniter\CodeIgniter->handleRequest(NULL, Object(Config\Cache), false)
#9 C:\xampp\htdocs\Klu_Anket\public\index.php(37): CodeIgniter\CodeIgniter->run()
#10 {main}
CRITICAL - 2022-04-06 03:31:38 --> Undefined array key "HTTP_REFERER"
#0 C:\xampp\htdocs\Klu_Anket\app\Views\welcome.php(39): CodeIgniter\Debug\Exceptions->errorHandler(2, 'Undefined array...', 'C:\\xampp\\htdocs...', 39)
#1 C:\xampp\htdocs\Klu_Anket\system\View\View.php(210): include('C:\\xampp\\htdocs...')
#2 C:\xampp\htdocs\Klu_Anket\system\View\View.php(213): CodeIgniter\View\View->CodeIgniter\View\{closure}()
#3 C:\xampp\htdocs\Klu_Anket\system\Common.php(1089): CodeIgniter\View\View->render('welcome', Array, true)
#4 C:\xampp\htdocs\Klu_Anket\app\Controllers\Home.php(26): view('welcome', Array)
#5 C:\xampp\htdocs\Klu_Anket\system\CodeIgniter.php(832): App\Controllers\Home->giris()
#6 C:\xampp\htdocs\Klu_Anket\system\CodeIgniter.php(419): CodeIgniter\CodeIgniter->runController(Object(App\Controllers\Home))
#7 C:\xampp\htdocs\Klu_Anket\system\CodeIgniter.php(326): CodeIgniter\CodeIgniter->handleRequest(NULL, Object(Config\Cache), false)
#8 C:\xampp\htdocs\Klu_Anket\public\index.php(37): CodeIgniter\CodeIgniter->run()
#9 {main}
CRITICAL - 2022-04-06 03:32:28 --> Undefined array key "HTTP_REFERER"
#0 C:\xampp\htdocs\Klu_Anket\app\Views\welcome.php(39): CodeIgniter\Debug\Exceptions->errorHandler(2, 'Undefined array...', 'C:\\xampp\\htdocs...', 39)
#1 C:\xampp\htdocs\Klu_Anket\system\View\View.php(210): include('C:\\xampp\\htdocs...')
#2 C:\xampp\htdocs\Klu_Anket\system\View\View.php(213): CodeIgniter\View\View->CodeIgniter\View\{closure}()
#3 C:\xampp\htdocs\Klu_Anket\system\Common.php(1089): CodeIgniter\View\View->render('welcome', Array, true)
#4 C:\xampp\htdocs\Klu_Anket\app\Controllers\Home.php(26): view('welcome', Array)
#5 C:\xampp\htdocs\Klu_Anket\system\CodeIgniter.php(832): App\Controllers\Home->giris()
#6 C:\xampp\htdocs\Klu_Anket\system\CodeIgniter.php(419): CodeIgniter\CodeIgniter->runController(Object(App\Controllers\Home))
#7 C:\xampp\htdocs\Klu_Anket\system\CodeIgniter.php(326): CodeIgniter\CodeIgniter->handleRequest(NULL, Object(Config\Cache), false)
#8 C:\xampp\htdocs\Klu_Anket\public\index.php(37): CodeIgniter\CodeIgniter->run()
#9 {main}
CRITICAL - 2022-04-06 04:24:11 --> Undefined array key "HTTP_REFERER"
#0 C:\xampp\htdocs\Klu_Anket\app\Views\welcome.php(39): CodeIgniter\Debug\Exceptions->errorHandler(2, 'Undefined array...', 'C:\\xampp\\htdocs...', 39)
#1 C:\xampp\htdocs\Klu_Anket\system\View\View.php(210): include('C:\\xampp\\htdocs...')
#2 C:\xampp\htdocs\Klu_Anket\system\View\View.php(213): CodeIgniter\View\View->CodeIgniter\View\{closure}()
#3 C:\xampp\htdocs\Klu_Anket\system\Common.php(1089): CodeIgniter\View\View->render('welcome', Array, true)
#4 C:\xampp\htdocs\Klu_Anket\app\Controllers\Home.php(26): view('welcome', Array)
#5 C:\xampp\htdocs\Klu_Anket\system\CodeIgniter.php(832): App\Controllers\Home->giris()
#6 C:\xampp\htdocs\Klu_Anket\system\CodeIgniter.php(419): CodeIgniter\CodeIgniter->runController(Object(App\Controllers\Home))
#7 C:\xampp\htdocs\Klu_Anket\system\CodeIgniter.php(326): CodeIgniter\CodeIgniter->handleRequest(NULL, Object(Config\Cache), false)
#8 C:\xampp\htdocs\Klu_Anket\public\index.php(37): CodeIgniter\CodeIgniter->run()
#9 {main}
CRITICAL - 2022-04-06 04:47:22 --> Undefined array key "email"
#0 C:\xampp\htdocs\Klu_Anket\app\Controllers\Data.php(51): CodeIgniter\Debug\Exceptions->errorHandler(2, 'Undefined array...', 'C:\\xampp\\htdocs...', 51)
#1 C:\xampp\htdocs\Klu_Anket\system\CodeIgniter.php(832): App\Controllers\Data->klu_giris()
#2 C:\xampp\htdocs\Klu_Anket\system\CodeIgniter.php(419): CodeIgniter\CodeIgniter->runController(Object(App\Controllers\Data))
#3 C:\xampp\htdocs\Klu_Anket\system\CodeIgniter.php(326): CodeIgniter\CodeIgniter->handleRequest(NULL, Object(Config\Cache), false)
#4 C:\xampp\htdocs\Klu_Anket\public\index.php(37): CodeIgniter\CodeIgniter->run()
#5 {main}
