CRITICAL - 2022-04-23 12:59:00 --> Undefined array key 1
#0 C:\xampp\htdocs\Klu_Anket\system\Router\Router.php(429): CodeIgniter\Debug\Exceptions->errorHandler(2, 'Undefined array...', 'C:\\xampp\\htdocs...', 429)
#1 C:\xampp\htdocs\Klu_Anket\system\Router\Router.php(154): CodeIgniter\Router\Router->checkRoutes('/')
#2 C:\xampp\htdocs\Klu_Anket\system\CodeIgniter.php(726): CodeIgniter\Router\Router->handle('/')
#3 C:\xampp\htdocs\Klu_Anket\system\CodeIgniter.php(368): CodeIgniter\CodeIgniter->tryToRouteIt(Object(CodeIgniter\Router\RouteCollection))
#4 C:\xampp\htdocs\Klu_Anket\system\CodeIgniter.php(326): CodeIgniter\CodeIgniter->handleRequest(NULL, Object(Config\Cache), false)
#5 C:\xampp\htdocs\Klu_Anket\public\index.php(37): CodeIgniter\CodeIgniter->run()
#6 {main}
ERROR - 2022-04-23 13:05:31 --> Error connecting to the database: Access denied for user '****'@'localhost' (using password: NO)
CRITICAL - 2022-04-23 13:05:31 --> Unable to connect to the database.
Main connection [MySQLi]: Access denied for user '****'@'localhost' (using password: NO)
#0 C:\xampp\htdocs\Klu_Anket\system\Database\BaseConnection.php(577): CodeIgniter\Database\BaseConnection->initialize()
#1 C:\xampp\htdocs\Klu_Anket\system\Database\BaseBuilder.php(1588): CodeIgniter\Database\BaseConnection->query('SELECT *\nFROM `...', Array, false)
#2 C:\xampp\htdocs\Klu_Anket\app\Models\IslemModel.php(14): CodeIgniter\Database\BaseBuilder->getWhere(Array)
#3 C:\xampp\htdocs\Klu_Anket\app\Controllers\Data.php(29): App\Models\IslemModel->getControlMember('icabikrz@gmail....')
#4 C:\xampp\htdocs\Klu_Anket\system\CodeIgniter.php(832): App\Controllers\Data->yn_giris()
#5 C:\xampp\htdocs\Klu_Anket\system\CodeIgniter.php(419): CodeIgniter\CodeIgniter->runController(Object(App\Controllers\Data))
#6 C:\xampp\htdocs\Klu_Anket\system\CodeIgniter.php(326): CodeIgniter\CodeIgniter->handleRequest(NULL, Object(Config\Cache), false)
#7 C:\xampp\htdocs\Klu_Anket\index.php(37): CodeIgniter\CodeIgniter->run()
#8 {main}
