CRITICAL - 2022-04-02 00:26:24 --> Illegal offset type
#0 C:\xampp\htdocs\Klu_Anket\system\CodeIgniter.php(832): App\Controllers\publicAnketler->anketLoading('21')
#1 C:\xampp\htdocs\Klu_Anket\system\CodeIgniter.php(419): CodeIgniter\CodeIgniter->runController(Object(App\Controllers\publicAnketler))
#2 C:\xampp\htdocs\Klu_Anket\system\CodeIgniter.php(326): CodeIgniter\CodeIgniter->handleRequest(NULL, Object(Config\Cache), false)
#3 C:\xampp\htdocs\Klu_Anket\public\index.php(37): CodeIgniter\CodeIgniter->run()
#4 {main}
CRITICAL - 2022-04-02 00:26:55 --> Illegal offset type
#0 C:\xampp\htdocs\Klu_Anket\system\CodeIgniter.php(832): App\Controllers\publicAnketler->anketLoading('21')
#1 C:\xampp\htdocs\Klu_Anket\system\CodeIgniter.php(419): CodeIgniter\CodeIgniter->runController(Object(App\Controllers\publicAnketler))
#2 C:\xampp\htdocs\Klu_Anket\system\CodeIgniter.php(326): CodeIgniter\CodeIgniter->handleRequest(NULL, Object(Config\Cache), false)
#3 C:\xampp\htdocs\Klu_Anket\public\index.php(37): CodeIgniter\CodeIgniter->run()
#4 {main}
CRITICAL - 2022-04-02 00:27:02 --> Illegal offset type
#0 C:\xampp\htdocs\Klu_Anket\system\CodeIgniter.php(832): App\Controllers\publicAnketler->anketLoading('21')
#1 C:\xampp\htdocs\Klu_Anket\system\CodeIgniter.php(419): CodeIgniter\CodeIgniter->runController(Object(App\Controllers\publicAnketler))
#2 C:\xampp\htdocs\Klu_Anket\system\CodeIgniter.php(326): CodeIgniter\CodeIgniter->handleRequest(NULL, Object(Config\Cache), false)
#3 C:\xampp\htdocs\Klu_Anket\public\index.php(37): CodeIgniter\CodeIgniter->run()
#4 {main}
CRITICAL - 2022-04-02 00:27:14 --> Illegal offset type
#0 C:\xampp\htdocs\Klu_Anket\system\CodeIgniter.php(832): App\Controllers\publicAnketler->anketLoading('21')
#1 C:\xampp\htdocs\Klu_Anket\system\CodeIgniter.php(419): CodeIgniter\CodeIgniter->runController(Object(App\Controllers\publicAnketler))
#2 C:\xampp\htdocs\Klu_Anket\system\CodeIgniter.php(326): CodeIgniter\CodeIgniter->handleRequest(NULL, Object(Config\Cache), false)
#3 C:\xampp\htdocs\Klu_Anket\public\index.php(37): CodeIgniter\CodeIgniter->run()
#4 {main}
CRITICAL - 2022-04-02 00:27:37 --> Undefined variable $anketBilgisiSerSorular
#0 C:\xampp\htdocs\Klu_Anket\app\Controllers\publicAnketler.php(105): CodeIgniter\Debug\Exceptions->errorHandler(2, 'Undefined varia...', 'C:\\xampp\\htdocs...', 105)
#1 C:\xampp\htdocs\Klu_Anket\system\CodeIgniter.php(832): App\Controllers\publicAnketler->anketLoading('21')
#2 C:\xampp\htdocs\Klu_Anket\system\CodeIgniter.php(419): CodeIgniter\CodeIgniter->runController(Object(App\Controllers\publicAnketler))
#3 C:\xampp\htdocs\Klu_Anket\system\CodeIgniter.php(326): CodeIgniter\CodeIgniter->handleRequest(NULL, Object(Config\Cache), false)
#4 C:\xampp\htdocs\Klu_Anket\public\index.php(37): CodeIgniter\CodeIgniter->run()
#5 {main}
CRITICAL - 2022-04-02 00:27:37 --> Undefined variable $anketBilgisiSerSorular
#0 C:\xampp\htdocs\Klu_Anket\app\Controllers\publicAnketler.php(105): CodeIgniter\Debug\Exceptions->errorHandler(2, 'Undefined varia...', 'C:\\xampp\\htdocs...', 105)
#1 C:\xampp\htdocs\Klu_Anket\system\CodeIgniter.php(832): App\Controllers\publicAnketler->anketLoading('21')
#2 C:\xampp\htdocs\Klu_Anket\system\CodeIgniter.php(419): CodeIgniter\CodeIgniter->runController(Object(App\Controllers\publicAnketler))
#3 C:\xampp\htdocs\Klu_Anket\system\CodeIgniter.php(326): CodeIgniter\CodeIgniter->handleRequest(NULL, Object(Config\Cache), false)
#4 C:\xampp\htdocs\Klu_Anket\public\index.php(37): CodeIgniter\CodeIgniter->run()
#5 {main}
CRITICAL - 2022-04-02 00:27:38 --> Undefined variable $anketBilgisiSerSorular
#0 C:\xampp\htdocs\Klu_Anket\app\Controllers\publicAnketler.php(105): CodeIgniter\Debug\Exceptions->errorHandler(2, 'Undefined varia...', 'C:\\xampp\\htdocs...', 105)
#1 C:\xampp\htdocs\Klu_Anket\system\CodeIgniter.php(832): App\Controllers\publicAnketler->anketLoading('21')
#2 C:\xampp\htdocs\Klu_Anket\system\CodeIgniter.php(419): CodeIgniter\CodeIgniter->runController(Object(App\Controllers\publicAnketler))
#3 C:\xampp\htdocs\Klu_Anket\system\CodeIgniter.php(326): CodeIgniter\CodeIgniter->handleRequest(NULL, Object(Config\Cache), false)
#4 C:\xampp\htdocs\Klu_Anket\public\index.php(37): CodeIgniter\CodeIgniter->run()
#5 {main}
CRITICAL - 2022-04-02 00:27:38 --> Undefined variable $anketBilgisiSerSorular
#0 C:\xampp\htdocs\Klu_Anket\app\Controllers\publicAnketler.php(105): CodeIgniter\Debug\Exceptions->errorHandler(2, 'Undefined varia...', 'C:\\xampp\\htdocs...', 105)
#1 C:\xampp\htdocs\Klu_Anket\system\CodeIgniter.php(832): App\Controllers\publicAnketler->anketLoading('21')
#2 C:\xampp\htdocs\Klu_Anket\system\CodeIgniter.php(419): CodeIgniter\CodeIgniter->runController(Object(App\Controllers\publicAnketler))
#3 C:\xampp\htdocs\Klu_Anket\system\CodeIgniter.php(326): CodeIgniter\CodeIgniter->handleRequest(NULL, Object(Config\Cache), false)
#4 C:\xampp\htdocs\Klu_Anket\public\index.php(37): CodeIgniter\CodeIgniter->run()
#5 {main}
CRITICAL - 2022-04-02 00:27:38 --> Undefined variable $anketBilgisiSerSorular
#0 C:\xampp\htdocs\Klu_Anket\app\Controllers\publicAnketler.php(105): CodeIgniter\Debug\Exceptions->errorHandler(2, 'Undefined varia...', 'C:\\xampp\\htdocs...', 105)
#1 C:\xampp\htdocs\Klu_Anket\system\CodeIgniter.php(832): App\Controllers\publicAnketler->anketLoading('21')
#2 C:\xampp\htdocs\Klu_Anket\system\CodeIgniter.php(419): CodeIgniter\CodeIgniter->runController(Object(App\Controllers\publicAnketler))
#3 C:\xampp\htdocs\Klu_Anket\system\CodeIgniter.php(326): CodeIgniter\CodeIgniter->handleRequest(NULL, Object(Config\Cache), false)
#4 C:\xampp\htdocs\Klu_Anket\public\index.php(37): CodeIgniter\CodeIgniter->run()
#5 {main}
CRITICAL - 2022-04-02 00:27:38 --> Undefined variable $anketBilgisiSerSorular
#0 C:\xampp\htdocs\Klu_Anket\app\Controllers\publicAnketler.php(105): CodeIgniter\Debug\Exceptions->errorHandler(2, 'Undefined varia...', 'C:\\xampp\\htdocs...', 105)
#1 C:\xampp\htdocs\Klu_Anket\system\CodeIgniter.php(832): App\Controllers\publicAnketler->anketLoading('21')
#2 C:\xampp\htdocs\Klu_Anket\system\CodeIgniter.php(419): CodeIgniter\CodeIgniter->runController(Object(App\Controllers\publicAnketler))
#3 C:\xampp\htdocs\Klu_Anket\system\CodeIgniter.php(326): CodeIgniter\CodeIgniter->handleRequest(NULL, Object(Config\Cache), false)
#4 C:\xampp\htdocs\Klu_Anket\public\index.php(37): CodeIgniter\CodeIgniter->run()
#5 {main}
CRITICAL - 2022-04-02 00:27:38 --> Undefined variable $anketBilgisiSerSorular
#0 C:\xampp\htdocs\Klu_Anket\app\Controllers\publicAnketler.php(105): CodeIgniter\Debug\Exceptions->errorHandler(2, 'Undefined varia...', 'C:\\xampp\\htdocs...', 105)
#1 C:\xampp\htdocs\Klu_Anket\system\CodeIgniter.php(832): App\Controllers\publicAnketler->anketLoading('21')
#2 C:\xampp\htdocs\Klu_Anket\system\CodeIgniter.php(419): CodeIgniter\CodeIgniter->runController(Object(App\Controllers\publicAnketler))
#3 C:\xampp\htdocs\Klu_Anket\system\CodeIgniter.php(326): CodeIgniter\CodeIgniter->handleRequest(NULL, Object(Config\Cache), false)
#4 C:\xampp\htdocs\Klu_Anket\public\index.php(37): CodeIgniter\CodeIgniter->run()
#5 {main}
CRITICAL - 2022-04-02 00:27:39 --> Undefined variable $anketBilgisiSerSorular
#0 C:\xampp\htdocs\Klu_Anket\app\Controllers\publicAnketler.php(105): CodeIgniter\Debug\Exceptions->errorHandler(2, 'Undefined varia...', 'C:\\xampp\\htdocs...', 105)
#1 C:\xampp\htdocs\Klu_Anket\system\CodeIgniter.php(832): App\Controllers\publicAnketler->anketLoading('21')
#2 C:\xampp\htdocs\Klu_Anket\system\CodeIgniter.php(419): CodeIgniter\CodeIgniter->runController(Object(App\Controllers\publicAnketler))
#3 C:\xampp\htdocs\Klu_Anket\system\CodeIgniter.php(326): CodeIgniter\CodeIgniter->handleRequest(NULL, Object(Config\Cache), false)
#4 C:\xampp\htdocs\Klu_Anket\public\index.php(37): CodeIgniter\CodeIgniter->run()
#5 {main}
CRITICAL - 2022-04-02 00:40:30 --> Unsupported operand types: int + string
#0 C:\xampp\htdocs\Klu_Anket\system\CodeIgniter.php(832): App\Controllers\publicAnketler->anketLoading('21')
#1 C:\xampp\htdocs\Klu_Anket\system\CodeIgniter.php(419): CodeIgniter\CodeIgniter->runController(Object(App\Controllers\publicAnketler))
#2 C:\xampp\htdocs\Klu_Anket\system\CodeIgniter.php(326): CodeIgniter\CodeIgniter->handleRequest(NULL, Object(Config\Cache), false)
#3 C:\xampp\htdocs\Klu_Anket\public\index.php(37): CodeIgniter\CodeIgniter->run()
#4 {main}
CRITICAL - 2022-04-02 00:41:17 --> Unsupported operand types: int + string
#0 C:\xampp\htdocs\Klu_Anket\system\CodeIgniter.php(832): App\Controllers\publicAnketler->anketLoading('21')
#1 C:\xampp\htdocs\Klu_Anket\system\CodeIgniter.php(419): CodeIgniter\CodeIgniter->runController(Object(App\Controllers\publicAnketler))
#2 C:\xampp\htdocs\Klu_Anket\system\CodeIgniter.php(326): CodeIgniter\CodeIgniter->handleRequest(NULL, Object(Config\Cache), false)
#3 C:\xampp\htdocs\Klu_Anket\public\index.php(37): CodeIgniter\CodeIgniter->run()
#4 {main}
CRITICAL - 2022-04-02 00:41:23 --> Undefined variable $zorunluAlan
#0 C:\xampp\htdocs\Klu_Anket\app\Controllers\publicAnketler.php(83): CodeIgniter\Debug\Exceptions->errorHandler(2, 'Undefined varia...', 'C:\\xampp\\htdocs...', 83)
#1 C:\xampp\htdocs\Klu_Anket\system\CodeIgniter.php(832): App\Controllers\publicAnketler->anketLoading('21')
#2 C:\xampp\htdocs\Klu_Anket\system\CodeIgniter.php(419): CodeIgniter\CodeIgniter->runController(Object(App\Controllers\publicAnketler))
#3 C:\xampp\htdocs\Klu_Anket\system\CodeIgniter.php(326): CodeIgniter\CodeIgniter->handleRequest(NULL, Object(Config\Cache), false)
#4 C:\xampp\htdocs\Klu_Anket\public\index.php(37): CodeIgniter\CodeIgniter->run()
#5 {main}
CRITICAL - 2022-04-02 00:42:34 --> Unsupported operand types: int + string
#0 C:\xampp\htdocs\Klu_Anket\system\CodeIgniter.php(832): App\Controllers\publicAnketler->anketLoading('39')
#1 C:\xampp\htdocs\Klu_Anket\system\CodeIgniter.php(419): CodeIgniter\CodeIgniter->runController(Object(App\Controllers\publicAnketler))
#2 C:\xampp\htdocs\Klu_Anket\system\CodeIgniter.php(326): CodeIgniter\CodeIgniter->handleRequest(NULL, Object(Config\Cache), false)
#3 C:\xampp\htdocs\Klu_Anket\public\index.php(37): CodeIgniter\CodeIgniter->run()
#4 {main}
CRITICAL - 2022-04-02 00:42:42 --> Unsupported operand types: int + string
#0 C:\xampp\htdocs\Klu_Anket\system\CodeIgniter.php(832): App\Controllers\publicAnketler->anketLoading('39')
#1 C:\xampp\htdocs\Klu_Anket\system\CodeIgniter.php(419): CodeIgniter\CodeIgniter->runController(Object(App\Controllers\publicAnketler))
#2 C:\xampp\htdocs\Klu_Anket\system\CodeIgniter.php(326): CodeIgniter\CodeIgniter->handleRequest(NULL, Object(Config\Cache), false)
#3 C:\xampp\htdocs\Klu_Anket\public\index.php(37): CodeIgniter\CodeIgniter->run()
#4 {main}
CRITICAL - 2022-04-02 00:42:58 --> Unsupported operand types: int + string
#0 C:\xampp\htdocs\Klu_Anket\system\CodeIgniter.php(832): App\Controllers\publicAnketler->anketLoading('39')
#1 C:\xampp\htdocs\Klu_Anket\system\CodeIgniter.php(419): CodeIgniter\CodeIgniter->runController(Object(App\Controllers\publicAnketler))
#2 C:\xampp\htdocs\Klu_Anket\system\CodeIgniter.php(326): CodeIgniter\CodeIgniter->handleRequest(NULL, Object(Config\Cache), false)
#3 C:\xampp\htdocs\Klu_Anket\public\index.php(37): CodeIgniter\CodeIgniter->run()
#4 {main}
CRITICAL - 2022-04-02 00:43:40 --> foreach() argument must be of type array|object, string given
#0 C:\xampp\htdocs\Klu_Anket\app\Controllers\publicAnketler.php(93): CodeIgniter\Debug\Exceptions->errorHandler(2, 'foreach() argum...', 'C:\\xampp\\htdocs...', 93)
#1 C:\xampp\htdocs\Klu_Anket\system\CodeIgniter.php(832): App\Controllers\publicAnketler->anketLoading('39')
#2 C:\xampp\htdocs\Klu_Anket\system\CodeIgniter.php(419): CodeIgniter\CodeIgniter->runController(Object(App\Controllers\publicAnketler))
#3 C:\xampp\htdocs\Klu_Anket\system\CodeIgniter.php(326): CodeIgniter\CodeIgniter->handleRequest(NULL, Object(Config\Cache), false)
#4 C:\xampp\htdocs\Klu_Anket\public\index.php(37): CodeIgniter\CodeIgniter->run()
#5 {main}
CRITICAL - 2022-04-02 00:44:24 --> foreach() argument must be of type array|object, string given
#0 C:\xampp\htdocs\Klu_Anket\app\Controllers\publicAnketler.php(93): CodeIgniter\Debug\Exceptions->errorHandler(2, 'foreach() argum...', 'C:\\xampp\\htdocs...', 93)
#1 C:\xampp\htdocs\Klu_Anket\system\CodeIgniter.php(832): App\Controllers\publicAnketler->anketLoading('39')
#2 C:\xampp\htdocs\Klu_Anket\system\CodeIgniter.php(419): CodeIgniter\CodeIgniter->runController(Object(App\Controllers\publicAnketler))
#3 C:\xampp\htdocs\Klu_Anket\system\CodeIgniter.php(326): CodeIgniter\CodeIgniter->handleRequest(NULL, Object(Config\Cache), false)
#4 C:\xampp\htdocs\Klu_Anket\public\index.php(37): CodeIgniter\CodeIgniter->run()
#5 {main}
CRITICAL - 2022-04-02 00:44:33 --> foreach() argument must be of type array|object, string given
#0 C:\xampp\htdocs\Klu_Anket\app\Controllers\publicAnketler.php(93): CodeIgniter\Debug\Exceptions->errorHandler(2, 'foreach() argum...', 'C:\\xampp\\htdocs...', 93)
#1 C:\xampp\htdocs\Klu_Anket\system\CodeIgniter.php(832): App\Controllers\publicAnketler->anketLoading('39')
#2 C:\xampp\htdocs\Klu_Anket\system\CodeIgniter.php(419): CodeIgniter\CodeIgniter->runController(Object(App\Controllers\publicAnketler))
#3 C:\xampp\htdocs\Klu_Anket\system\CodeIgniter.php(326): CodeIgniter\CodeIgniter->handleRequest(NULL, Object(Config\Cache), false)
#4 C:\xampp\htdocs\Klu_Anket\public\index.php(37): CodeIgniter\CodeIgniter->run()
#5 {main}
CRITICAL - 2022-04-02 00:44:40 --> foreach() argument must be of type array|object, string given
#0 C:\xampp\htdocs\Klu_Anket\app\Controllers\publicAnketler.php(93): CodeIgniter\Debug\Exceptions->errorHandler(2, 'foreach() argum...', 'C:\\xampp\\htdocs...', 93)
#1 C:\xampp\htdocs\Klu_Anket\system\CodeIgniter.php(832): App\Controllers\publicAnketler->anketLoading('39')
#2 C:\xampp\htdocs\Klu_Anket\system\CodeIgniter.php(419): CodeIgniter\CodeIgniter->runController(Object(App\Controllers\publicAnketler))
#3 C:\xampp\htdocs\Klu_Anket\system\CodeIgniter.php(326): CodeIgniter\CodeIgniter->handleRequest(NULL, Object(Config\Cache), false)
#4 C:\xampp\htdocs\Klu_Anket\public\index.php(37): CodeIgniter\CodeIgniter->run()
#5 {main}
