CRITICAL - 2022-03-29 13:01:03 --> syntax error, unexpected token "}", expecting "," or ";"
#0 C:\xampp\htdocs\Klu_Anket\system\View\View.php(213): CodeIgniter\View\View->CodeIgniter\View\{closure}()
#1 C:\xampp\htdocs\Klu_Anket\system\Common.php(1089): CodeIgniter\View\View->render('adminAnketAnali...', Array, true)
#2 C:\xampp\htdocs\Klu_Anket\app\Controllers\ownerController.php(292): view('adminAnketAnali...', Array)
#3 C:\xampp\htdocs\Klu_Anket\system\CodeIgniter.php(832): App\Controllers\ownerController->anketAnaliz('18')
#4 C:\xampp\htdocs\Klu_Anket\system\CodeIgniter.php(419): CodeIgniter\CodeIgniter->runController(Object(App\Controllers\ownerController))
#5 C:\xampp\htdocs\Klu_Anket\system\CodeIgniter.php(326): CodeIgniter\CodeIgniter->handleRequest(NULL, Object(Config\Cache), false)
#6 C:\xampp\htdocs\Klu_Anket\public\index.php(37): CodeIgniter\CodeIgniter->run()
#7 {main}
CRITICAL - 2022-03-29 13:01:20 --> Object of class stdClass could not be converted to string
#0 C:\xampp\htdocs\Klu_Anket\system\View\View.php(210): include()
#1 C:\xampp\htdocs\Klu_Anket\system\View\View.php(213): CodeIgniter\View\View->CodeIgniter\View\{closure}()
#2 C:\xampp\htdocs\Klu_Anket\system\Common.php(1089): CodeIgniter\View\View->render('adminAnketAnali...', Array, true)
#3 C:\xampp\htdocs\Klu_Anket\app\Controllers\ownerController.php(292): view('adminAnketAnali...', Array)
#4 C:\xampp\htdocs\Klu_Anket\system\CodeIgniter.php(832): App\Controllers\ownerController->anketAnaliz('21')
#5 C:\xampp\htdocs\Klu_Anket\system\CodeIgniter.php(419): CodeIgniter\CodeIgniter->runController(Object(App\Controllers\ownerController))
#6 C:\xampp\htdocs\Klu_Anket\system\CodeIgniter.php(326): CodeIgniter\CodeIgniter->handleRequest(NULL, Object(Config\Cache), false)
#7 C:\xampp\htdocs\Klu_Anket\public\index.php(37): CodeIgniter\CodeIgniter->run()
#8 {main}
CRITICAL - 2022-03-29 13:18:35 --> Call to undefined method stdClass::serialize()
#0 C:\xampp\htdocs\Klu_Anket\system\View\View.php(210): include()
#1 C:\xampp\htdocs\Klu_Anket\system\View\View.php(213): CodeIgniter\View\View->CodeIgniter\View\{closure}()
#2 C:\xampp\htdocs\Klu_Anket\system\Common.php(1089): CodeIgniter\View\View->render('adminAnketAnali...', Array, true)
#3 C:\xampp\htdocs\Klu_Anket\app\Controllers\ownerController.php(293): view('adminAnketAnali...', Array)
#4 C:\xampp\htdocs\Klu_Anket\system\CodeIgniter.php(832): App\Controllers\ownerController->anketAnaliz(Array)
#5 C:\xampp\htdocs\Klu_Anket\system\CodeIgniter.php(419): CodeIgniter\CodeIgniter->runController(Object(App\Controllers\ownerController))
#6 C:\xampp\htdocs\Klu_Anket\system\CodeIgniter.php(326): CodeIgniter\CodeIgniter->handleRequest(NULL, Object(Config\Cache), false)
#7 C:\xampp\htdocs\Klu_Anket\public\index.php(37): CodeIgniter\CodeIgniter->run()
#8 {main}
CRITICAL - 2022-03-29 13:58:00 --> Undefined variable $gelenYuzde
#0 C:\xampp\htdocs\Klu_Anket\app\Views\public\publicAnketler.php(97): CodeIgniter\Debug\Exceptions->errorHandler(2, 'Undefined varia...', 'C:\\xampp\\htdocs...', 97)
#1 C:\xampp\htdocs\Klu_Anket\system\View\View.php(210): include('C:\\xampp\\htdocs...')
#2 C:\xampp\htdocs\Klu_Anket\system\View\View.php(213): CodeIgniter\View\View->CodeIgniter\View\{closure}()
#3 C:\xampp\htdocs\Klu_Anket\system\Common.php(1089): CodeIgniter\View\View->render('public/publicAn...', Array, true)
#4 C:\xampp\htdocs\Klu_Anket\app\Controllers\publicAnketler.php(30): view('public/publicAn...', Array)
#5 C:\xampp\htdocs\Klu_Anket\system\CodeIgniter.php(832): App\Controllers\publicAnketler->Anketler('2-anket-deneme-...')
#6 C:\xampp\htdocs\Klu_Anket\system\CodeIgniter.php(419): CodeIgniter\CodeIgniter->runController(Object(App\Controllers\publicAnketler))
#7 C:\xampp\htdocs\Klu_Anket\system\CodeIgniter.php(326): CodeIgniter\CodeIgniter->handleRequest(NULL, Object(Config\Cache), false)
#8 C:\xampp\htdocs\Klu_Anket\public\index.php(37): CodeIgniter\CodeIgniter->run()
#9 {main}
ERROR - 2022-03-29 14:28:29 --> Error connecting to the database: Access denied for user '****'@'localhost' (using password: NO)
CRITICAL - 2022-03-29 14:28:29 --> Unable to connect to the database.
Main connection [MySQLi]: Access denied for user '****'@'localhost' (using password: NO)
#0 C:\xampp\htdocs\Klu_Anket\system\Database\BaseConnection.php(577): CodeIgniter\Database\BaseConnection->initialize()
#1 C:\xampp\htdocs\Klu_Anket\system\Database\BaseBuilder.php(1588): CodeIgniter\Database\BaseConnection->query('SELECT *\nFROM `...', Array, false)
#2 C:\xampp\htdocs\Klu_Anket\app\Models\IslemModel.php(14): CodeIgniter\Database\BaseBuilder->getWhere(Array)
#3 C:\xampp\htdocs\Klu_Anket\app\Controllers\ownerController.php(279): App\Models\IslemModel->getControlMember('icabikrz@gmail....')
#4 C:\xampp\htdocs\Klu_Anket\system\CodeIgniter.php(832): App\Controllers\ownerController->anketAnaliz('18')
#5 C:\xampp\htdocs\Klu_Anket\system\CodeIgniter.php(419): CodeIgniter\CodeIgniter->runController(Object(App\Controllers\ownerController))
#6 C:\xampp\htdocs\Klu_Anket\system\CodeIgniter.php(326): CodeIgniter\CodeIgniter->handleRequest(NULL, Object(Config\Cache), false)
#7 C:\xampp\htdocs\Klu_Anket\public\index.php(37): CodeIgniter\CodeIgniter->run()
#8 {main}
ERROR - 2022-03-29 14:28:48 --> Error connecting to the database: Access denied for user '****'@'localhost' (using password: NO)
CRITICAL - 2022-03-29 14:28:48 --> Unable to connect to the database.
Main connection [MySQLi]: Access denied for user '****'@'localhost' (using password: NO)
#0 C:\xampp\htdocs\Klu_Anket\system\Database\BaseConnection.php(577): CodeIgniter\Database\BaseConnection->initialize()
#1 C:\xampp\htdocs\Klu_Anket\system\Database\BaseBuilder.php(1588): CodeIgniter\Database\BaseConnection->query('SELECT *\nFROM `...', Array, false)
#2 C:\xampp\htdocs\Klu_Anket\app\Models\IslemModel.php(14): CodeIgniter\Database\BaseBuilder->getWhere(Array)
#3 C:\xampp\htdocs\Klu_Anket\app\Controllers\ownerController.php(279): App\Models\IslemModel->getControlMember('icabikrz@gmail....')
#4 C:\xampp\htdocs\Klu_Anket\system\CodeIgniter.php(832): App\Controllers\ownerController->anketAnaliz('18')
#5 C:\xampp\htdocs\Klu_Anket\system\CodeIgniter.php(419): CodeIgniter\CodeIgniter->runController(Object(App\Controllers\ownerController))
#6 C:\xampp\htdocs\Klu_Anket\system\CodeIgniter.php(326): CodeIgniter\CodeIgniter->handleRequest(NULL, Object(Config\Cache), false)
#7 C:\xampp\htdocs\Klu_Anket\public\index.php(37): CodeIgniter\CodeIgniter->run()
#8 {main}
ERROR - 2022-03-29 15:08:45 --> Error connecting to the database: Access denied for user '****'@'localhost' (using password: NO)
CRITICAL - 2022-03-29 15:08:45 --> Unable to connect to the database.
Main connection [MySQLi]: Access denied for user '****'@'localhost' (using password: NO)
#0 C:\xampp\htdocs\Klu_Anket\system\Database\BaseConnection.php(577): CodeIgniter\Database\BaseConnection->initialize()
#1 C:\xampp\htdocs\Klu_Anket\system\Database\BaseBuilder.php(1455): CodeIgniter\Database\BaseConnection->query('SELECT *\nFROM `...', Array, false)
#2 C:\xampp\htdocs\Klu_Anket\app\Models\AyarModel.php(8): CodeIgniter\Database\BaseBuilder->get()
#3 C:\xampp\htdocs\Klu_Anket\app\Controllers\Home.php(18): App\Models\AyarModel->get_Ayars('SiteLinki')
#4 C:\xampp\htdocs\Klu_Anket\system\CodeIgniter.php(832): App\Controllers\Home->index()
#5 C:\xampp\htdocs\Klu_Anket\system\CodeIgniter.php(419): CodeIgniter\CodeIgniter->runController(Object(App\Controllers\Home))
#6 C:\xampp\htdocs\Klu_Anket\system\CodeIgniter.php(326): CodeIgniter\CodeIgniter->handleRequest(NULL, Object(Config\Cache), false)
#7 C:\xampp\htdocs\Klu_Anket\public\index.php(37): CodeIgniter\CodeIgniter->run()
#8 {main}
