ERROR - 2022-04-11 03:37:37 --> Error connecting to the database: Access denied for user '****'@'localhost' (using password: NO)
CRITICAL - 2022-04-11 03:37:37 --> Unable to connect to the database.
Main connection [MySQLi]: Access denied for user '****'@'localhost' (using password: NO)
#0 C:\xampp\htdocs\Klu_Anket\system\Database\BaseConnection.php(577): CodeIgniter\Database\BaseConnection->initialize()
#1 C:\xampp\htdocs\Klu_Anket\system\Database\BaseBuilder.php(1588): CodeIgniter\Database\BaseConnection->query('SELECT *\nFROM `...', Array, false)
#2 C:\xampp\htdocs\Klu_Anket\app\Models\IslemModel.php(14): CodeIgniter\Database\BaseBuilder->getWhere(Array)
#3 C:\xampp\htdocs\Klu_Anket\app\Controllers\ownerController.php(31): App\Models\IslemModel->getControlMember('icabikrz@gmail....')
#4 C:\xampp\htdocs\Klu_Anket\system\CodeIgniter.php(832): App\Controllers\ownerController->anketler()
#5 C:\xampp\htdocs\Klu_Anket\system\CodeIgniter.php(419): CodeIgniter\CodeIgniter->runController(Object(App\Controllers\ownerController))
#6 C:\xampp\htdocs\Klu_Anket\system\CodeIgniter.php(326): CodeIgniter\CodeIgniter->handleRequest(NULL, Object(Config\Cache), false)
#7 C:\xampp\htdocs\Klu_Anket\public\index.php(37): CodeIgniter\CodeIgniter->run()
#8 {main}
CRITICAL - 2022-04-11 03:37:58 --> Attempt to read property "ruleSets" on null
#0 C:\xampp\htdocs\Klu_Anket\system\Validation\Validation.php(93): CodeIgniter\Debug\Exceptions->errorHandler(2, 'Attempt to read...', 'C:\\xampp\\htdocs...', 93)
#1 C:\xampp\htdocs\Klu_Anket\system\Config\Services.php(658): CodeIgniter\Validation\Validation->__construct(NULL, Object(CodeIgniter\View\View))
#2 C:\xampp\htdocs\Klu_Anket\system\Config\BaseService.php(248): CodeIgniter\Config\Services::validation(NULL, false)
#3 C:\xampp\htdocs\Klu_Anket\system\BaseModel.php(298): CodeIgniter\Config\BaseService::__callStatic('validation', Array)
#4 C:\xampp\htdocs\Klu_Anket\system\Model.php(101): CodeIgniter\BaseModel->__construct(NULL)
#5 C:\xampp\htdocs\Klu_Anket\app\Controllers\ownerController.php(30): CodeIgniter\Model->__construct()
#6 C:\xampp\htdocs\Klu_Anket\system\CodeIgniter.php(832): App\Controllers\ownerController->anketler()
#7 C:\xampp\htdocs\Klu_Anket\system\CodeIgniter.php(419): CodeIgniter\CodeIgniter->runController(Object(App\Controllers\ownerController))
#8 C:\xampp\htdocs\Klu_Anket\system\CodeIgniter.php(326): CodeIgniter\CodeIgniter->handleRequest(NULL, Object(Config\Cache), false)
#9 C:\xampp\htdocs\Klu_Anket\public\index.php(37): CodeIgniter\CodeIgniter->run()
#10 {main}
CRITICAL - 2022-04-11 03:37:59 --> Attempt to read property "ruleSets" on null
#0 C:\xampp\htdocs\Klu_Anket\system\Validation\Validation.php(93): CodeIgniter\Debug\Exceptions->errorHandler(2, 'Attempt to read...', 'C:\\xampp\\htdocs...', 93)
#1 C:\xampp\htdocs\Klu_Anket\system\Config\Services.php(658): CodeIgniter\Validation\Validation->__construct(NULL, Object(CodeIgniter\View\View))
#2 C:\xampp\htdocs\Klu_Anket\system\Config\BaseService.php(248): CodeIgniter\Config\Services::validation(NULL, false)
#3 C:\xampp\htdocs\Klu_Anket\system\BaseModel.php(298): CodeIgniter\Config\BaseService::__callStatic('validation', Array)
#4 C:\xampp\htdocs\Klu_Anket\system\Model.php(101): CodeIgniter\BaseModel->__construct(NULL)
#5 C:\xampp\htdocs\Klu_Anket\app\Controllers\ownerController.php(30): CodeIgniter\Model->__construct()
#6 C:\xampp\htdocs\Klu_Anket\system\CodeIgniter.php(832): App\Controllers\ownerController->anketler()
#7 C:\xampp\htdocs\Klu_Anket\system\CodeIgniter.php(419): CodeIgniter\CodeIgniter->runController(Object(App\Controllers\ownerController))
#8 C:\xampp\htdocs\Klu_Anket\system\CodeIgniter.php(326): CodeIgniter\CodeIgniter->handleRequest(NULL, Object(Config\Cache), false)
#9 C:\xampp\htdocs\Klu_Anket\public\index.php(37): CodeIgniter\CodeIgniter->run()
#10 {main}
CRITICAL - 2022-04-11 03:38:03 --> Attempt to read property "ruleSets" on null
#0 C:\xampp\htdocs\Klu_Anket\system\Validation\Validation.php(93): CodeIgniter\Debug\Exceptions->errorHandler(2, 'Attempt to read...', 'C:\\xampp\\htdocs...', 93)
#1 C:\xampp\htdocs\Klu_Anket\system\Config\Services.php(658): CodeIgniter\Validation\Validation->__construct(NULL, Object(CodeIgniter\View\View))
#2 C:\xampp\htdocs\Klu_Anket\system\Config\BaseService.php(248): CodeIgniter\Config\Services::validation(NULL, false)
#3 C:\xampp\htdocs\Klu_Anket\system\BaseModel.php(298): CodeIgniter\Config\BaseService::__callStatic('validation', Array)
#4 C:\xampp\htdocs\Klu_Anket\system\Model.php(101): CodeIgniter\BaseModel->__construct(NULL)
#5 C:\xampp\htdocs\Klu_Anket\app\Controllers\ownerController.php(30): CodeIgniter\Model->__construct()
#6 C:\xampp\htdocs\Klu_Anket\system\CodeIgniter.php(832): App\Controllers\ownerController->anketler()
#7 C:\xampp\htdocs\Klu_Anket\system\CodeIgniter.php(419): CodeIgniter\CodeIgniter->runController(Object(App\Controllers\ownerController))
#8 C:\xampp\htdocs\Klu_Anket\system\CodeIgniter.php(326): CodeIgniter\CodeIgniter->handleRequest(NULL, Object(Config\Cache), false)
#9 C:\xampp\htdocs\Klu_Anket\public\index.php(37): CodeIgniter\CodeIgniter->run()
#10 {main}
CRITICAL - 2022-04-11 03:38:05 --> Attempt to read property "ruleSets" on null
#0 C:\xampp\htdocs\Klu_Anket\system\Validation\Validation.php(93): CodeIgniter\Debug\Exceptions->errorHandler(2, 'Attempt to read...', 'C:\\xampp\\htdocs...', 93)
#1 C:\xampp\htdocs\Klu_Anket\system\Config\Services.php(658): CodeIgniter\Validation\Validation->__construct(NULL, Object(CodeIgniter\View\View))
#2 C:\xampp\htdocs\Klu_Anket\system\Config\BaseService.php(248): CodeIgniter\Config\Services::validation(NULL, false)
#3 C:\xampp\htdocs\Klu_Anket\system\BaseModel.php(298): CodeIgniter\Config\BaseService::__callStatic('validation', Array)
#4 C:\xampp\htdocs\Klu_Anket\system\Model.php(101): CodeIgniter\BaseModel->__construct(NULL)
#5 C:\xampp\htdocs\Klu_Anket\app\Controllers\ownerController.php(236): CodeIgniter\Model->__construct()
#6 C:\xampp\htdocs\Klu_Anket\system\CodeIgniter.php(832): App\Controllers\ownerController->adminAnket()
#7 C:\xampp\htdocs\Klu_Anket\system\CodeIgniter.php(419): CodeIgniter\CodeIgniter->runController(Object(App\Controllers\ownerController))
#8 C:\xampp\htdocs\Klu_Anket\system\CodeIgniter.php(326): CodeIgniter\CodeIgniter->handleRequest(NULL, Object(Config\Cache), false)
#9 C:\xampp\htdocs\Klu_Anket\public\index.php(37): CodeIgniter\CodeIgniter->run()
#10 {main}
CRITICAL - 2022-04-11 03:38:06 --> Attempt to read property "ruleSets" on null
#0 C:\xampp\htdocs\Klu_Anket\system\Validation\Validation.php(93): CodeIgniter\Debug\Exceptions->errorHandler(2, 'Attempt to read...', 'C:\\xampp\\htdocs...', 93)
#1 C:\xampp\htdocs\Klu_Anket\system\Config\Services.php(658): CodeIgniter\Validation\Validation->__construct(NULL, Object(CodeIgniter\View\View))
#2 C:\xampp\htdocs\Klu_Anket\system\Config\BaseService.php(248): CodeIgniter\Config\Services::validation(NULL, false)
#3 C:\xampp\htdocs\Klu_Anket\system\BaseModel.php(298): CodeIgniter\Config\BaseService::__callStatic('validation', Array)
#4 C:\xampp\htdocs\Klu_Anket\system\Model.php(101): CodeIgniter\BaseModel->__construct(NULL)
#5 C:\xampp\htdocs\Klu_Anket\app\Controllers\adminController.php(22): CodeIgniter\Model->__construct()
#6 C:\xampp\htdocs\Klu_Anket\system\CodeIgniter.php(832): App\Controllers\adminController->index()
#7 C:\xampp\htdocs\Klu_Anket\system\CodeIgniter.php(419): CodeIgniter\CodeIgniter->runController(Object(App\Controllers\adminController))
#8 C:\xampp\htdocs\Klu_Anket\system\CodeIgniter.php(326): CodeIgniter\CodeIgniter->handleRequest(NULL, Object(Config\Cache), false)
#9 C:\xampp\htdocs\Klu_Anket\public\index.php(37): CodeIgniter\CodeIgniter->run()
#10 {main}
CRITICAL - 2022-04-11 03:38:07 --> Attempt to read property "ruleSets" on null
#0 C:\xampp\htdocs\Klu_Anket\system\Validation\Validation.php(93): CodeIgniter\Debug\Exceptions->errorHandler(2, 'Attempt to read...', 'C:\\xampp\\htdocs...', 93)
#1 C:\xampp\htdocs\Klu_Anket\system\Config\Services.php(658): CodeIgniter\Validation\Validation->__construct(NULL, Object(CodeIgniter\View\View))
#2 C:\xampp\htdocs\Klu_Anket\system\Config\BaseService.php(248): CodeIgniter\Config\Services::validation(NULL, false)
#3 C:\xampp\htdocs\Klu_Anket\system\BaseModel.php(298): CodeIgniter\Config\BaseService::__callStatic('validation', Array)
#4 C:\xampp\htdocs\Klu_Anket\system\Model.php(101): CodeIgniter\BaseModel->__construct(NULL)
#5 C:\xampp\htdocs\Klu_Anket\app\Controllers\ownerController.php(30): CodeIgniter\Model->__construct()
#6 C:\xampp\htdocs\Klu_Anket\system\CodeIgniter.php(832): App\Controllers\ownerController->anketler()
#7 C:\xampp\htdocs\Klu_Anket\system\CodeIgniter.php(419): CodeIgniter\CodeIgniter->runController(Object(App\Controllers\ownerController))
#8 C:\xampp\htdocs\Klu_Anket\system\CodeIgniter.php(326): CodeIgniter\CodeIgniter->handleRequest(NULL, Object(Config\Cache), false)
#9 C:\xampp\htdocs\Klu_Anket\public\index.php(37): CodeIgniter\CodeIgniter->run()
#10 {main}
CRITICAL - 2022-04-11 03:38:08 --> Attempt to read property "ruleSets" on null
#0 C:\xampp\htdocs\Klu_Anket\system\Validation\Validation.php(93): CodeIgniter\Debug\Exceptions->errorHandler(2, 'Attempt to read...', 'C:\\xampp\\htdocs...', 93)
#1 C:\xampp\htdocs\Klu_Anket\system\Config\Services.php(658): CodeIgniter\Validation\Validation->__construct(NULL, Object(CodeIgniter\View\View))
#2 C:\xampp\htdocs\Klu_Anket\system\Config\BaseService.php(248): CodeIgniter\Config\Services::validation(NULL, false)
#3 C:\xampp\htdocs\Klu_Anket\system\BaseModel.php(298): CodeIgniter\Config\BaseService::__callStatic('validation', Array)
#4 C:\xampp\htdocs\Klu_Anket\system\Model.php(101): CodeIgniter\BaseModel->__construct(NULL)
#5 C:\xampp\htdocs\Klu_Anket\app\Controllers\ownerController.php(17): CodeIgniter\Model->__construct()
#6 C:\xampp\htdocs\Klu_Anket\system\CodeIgniter.php(832): App\Controllers\ownerController->index()
#7 C:\xampp\htdocs\Klu_Anket\system\CodeIgniter.php(419): CodeIgniter\CodeIgniter->runController(Object(App\Controllers\ownerController))
#8 C:\xampp\htdocs\Klu_Anket\system\CodeIgniter.php(326): CodeIgniter\CodeIgniter->handleRequest(NULL, Object(Config\Cache), false)
#9 C:\xampp\htdocs\Klu_Anket\public\index.php(37): CodeIgniter\CodeIgniter->run()
#10 {main}
CRITICAL - 2022-04-11 03:38:08 --> Attempt to read property "ruleSets" on null
#0 C:\xampp\htdocs\Klu_Anket\system\Validation\Validation.php(93): CodeIgniter\Debug\Exceptions->errorHandler(2, 'Attempt to read...', 'C:\\xampp\\htdocs...', 93)
#1 C:\xampp\htdocs\Klu_Anket\system\Config\Services.php(658): CodeIgniter\Validation\Validation->__construct(NULL, Object(CodeIgniter\View\View))
#2 C:\xampp\htdocs\Klu_Anket\system\Config\BaseService.php(248): CodeIgniter\Config\Services::validation(NULL, false)
#3 C:\xampp\htdocs\Klu_Anket\system\BaseModel.php(298): CodeIgniter\Config\BaseService::__callStatic('validation', Array)
#4 C:\xampp\htdocs\Klu_Anket\system\Model.php(101): CodeIgniter\BaseModel->__construct(NULL)
#5 C:\xampp\htdocs\Klu_Anket\app\Controllers\ownerController.php(236): CodeIgniter\Model->__construct()
#6 C:\xampp\htdocs\Klu_Anket\system\CodeIgniter.php(832): App\Controllers\ownerController->adminAnket()
#7 C:\xampp\htdocs\Klu_Anket\system\CodeIgniter.php(419): CodeIgniter\CodeIgniter->runController(Object(App\Controllers\ownerController))
#8 C:\xampp\htdocs\Klu_Anket\system\CodeIgniter.php(326): CodeIgniter\CodeIgniter->handleRequest(NULL, Object(Config\Cache), false)
#9 C:\xampp\htdocs\Klu_Anket\public\index.php(37): CodeIgniter\CodeIgniter->run()
#10 {main}
CRITICAL - 2022-04-11 03:38:09 --> Attempt to read property "ruleSets" on null
#0 C:\xampp\htdocs\Klu_Anket\system\Validation\Validation.php(93): CodeIgniter\Debug\Exceptions->errorHandler(2, 'Attempt to read...', 'C:\\xampp\\htdocs...', 93)
#1 C:\xampp\htdocs\Klu_Anket\system\Config\Services.php(658): CodeIgniter\Validation\Validation->__construct(NULL, Object(CodeIgniter\View\View))
#2 C:\xampp\htdocs\Klu_Anket\system\Config\BaseService.php(248): CodeIgniter\Config\Services::validation(NULL, false)
#3 C:\xampp\htdocs\Klu_Anket\system\BaseModel.php(298): CodeIgniter\Config\BaseService::__callStatic('validation', Array)
#4 C:\xampp\htdocs\Klu_Anket\system\Model.php(101): CodeIgniter\BaseModel->__construct(NULL)
#5 C:\xampp\htdocs\Klu_Anket\app\Controllers\ownerController.php(30): CodeIgniter\Model->__construct()
#6 C:\xampp\htdocs\Klu_Anket\system\CodeIgniter.php(832): App\Controllers\ownerController->anketler()
#7 C:\xampp\htdocs\Klu_Anket\system\CodeIgniter.php(419): CodeIgniter\CodeIgniter->runController(Object(App\Controllers\ownerController))
#8 C:\xampp\htdocs\Klu_Anket\system\CodeIgniter.php(326): CodeIgniter\CodeIgniter->handleRequest(NULL, Object(Config\Cache), false)
#9 C:\xampp\htdocs\Klu_Anket\public\index.php(37): CodeIgniter\CodeIgniter->run()
#10 {main}
CRITICAL - 2022-04-11 03:38:09 --> Attempt to read property "ruleSets" on null
#0 C:\xampp\htdocs\Klu_Anket\system\Validation\Validation.php(93): CodeIgniter\Debug\Exceptions->errorHandler(2, 'Attempt to read...', 'C:\\xampp\\htdocs...', 93)
#1 C:\xampp\htdocs\Klu_Anket\system\Config\Services.php(658): CodeIgniter\Validation\Validation->__construct(NULL, Object(CodeIgniter\View\View))
#2 C:\xampp\htdocs\Klu_Anket\system\Config\BaseService.php(248): CodeIgniter\Config\Services::validation(NULL, false)
#3 C:\xampp\htdocs\Klu_Anket\system\BaseModel.php(298): CodeIgniter\Config\BaseService::__callStatic('validation', Array)
#4 C:\xampp\htdocs\Klu_Anket\system\Model.php(101): CodeIgniter\BaseModel->__construct(NULL)
#5 C:\xampp\htdocs\Klu_Anket\app\Controllers\ownerController.php(236): CodeIgniter\Model->__construct()
#6 C:\xampp\htdocs\Klu_Anket\system\CodeIgniter.php(832): App\Controllers\ownerController->adminAnket()
#7 C:\xampp\htdocs\Klu_Anket\system\CodeIgniter.php(419): CodeIgniter\CodeIgniter->runController(Object(App\Controllers\ownerController))
#8 C:\xampp\htdocs\Klu_Anket\system\CodeIgniter.php(326): CodeIgniter\CodeIgniter->handleRequest(NULL, Object(Config\Cache), false)
#9 C:\xampp\htdocs\Klu_Anket\public\index.php(37): CodeIgniter\CodeIgniter->run()
#10 {main}
CRITICAL - 2022-04-11 03:38:09 --> Attempt to read property "ruleSets" on null
#0 C:\xampp\htdocs\Klu_Anket\system\Validation\Validation.php(93): CodeIgniter\Debug\Exceptions->errorHandler(2, 'Attempt to read...', 'C:\\xampp\\htdocs...', 93)
#1 C:\xampp\htdocs\Klu_Anket\system\Config\Services.php(658): CodeIgniter\Validation\Validation->__construct(NULL, Object(CodeIgniter\View\View))
#2 C:\xampp\htdocs\Klu_Anket\system\Config\BaseService.php(248): CodeIgniter\Config\Services::validation(NULL, false)
#3 C:\xampp\htdocs\Klu_Anket\system\BaseModel.php(298): CodeIgniter\Config\BaseService::__callStatic('validation', Array)
#4 C:\xampp\htdocs\Klu_Anket\system\Model.php(101): CodeIgniter\BaseModel->__construct(NULL)
#5 C:\xampp\htdocs\Klu_Anket\app\Controllers\ownerController.php(236): CodeIgniter\Model->__construct()
#6 C:\xampp\htdocs\Klu_Anket\system\CodeIgniter.php(832): App\Controllers\ownerController->adminAnket()
#7 C:\xampp\htdocs\Klu_Anket\system\CodeIgniter.php(419): CodeIgniter\CodeIgniter->runController(Object(App\Controllers\ownerController))
#8 C:\xampp\htdocs\Klu_Anket\system\CodeIgniter.php(326): CodeIgniter\CodeIgniter->handleRequest(NULL, Object(Config\Cache), false)
#9 C:\xampp\htdocs\Klu_Anket\public\index.php(37): CodeIgniter\CodeIgniter->run()
#10 {main}
CRITICAL - 2022-04-11 03:38:15 --> Attempt to read property "ruleSets" on null
#0 C:\xampp\htdocs\Klu_Anket\system\Validation\Validation.php(93): CodeIgniter\Debug\Exceptions->errorHandler(2, 'Attempt to read...', 'C:\\xampp\\htdocs...', 93)
#1 C:\xampp\htdocs\Klu_Anket\system\Config\Services.php(658): CodeIgniter\Validation\Validation->__construct(NULL, Object(CodeIgniter\View\View))
#2 C:\xampp\htdocs\Klu_Anket\system\Config\BaseService.php(248): CodeIgniter\Config\Services::validation(NULL, false)
#3 C:\xampp\htdocs\Klu_Anket\system\BaseModel.php(298): CodeIgniter\Config\BaseService::__callStatic('validation', Array)
#4 C:\xampp\htdocs\Klu_Anket\system\Model.php(101): CodeIgniter\BaseModel->__construct(NULL)
#5 C:\xampp\htdocs\Klu_Anket\app\Controllers\ownerController.php(236): CodeIgniter\Model->__construct()
#6 C:\xampp\htdocs\Klu_Anket\system\CodeIgniter.php(832): App\Controllers\ownerController->adminAnket()
#7 C:\xampp\htdocs\Klu_Anket\system\CodeIgniter.php(419): CodeIgniter\CodeIgniter->runController(Object(App\Controllers\ownerController))
#8 C:\xampp\htdocs\Klu_Anket\system\CodeIgniter.php(326): CodeIgniter\CodeIgniter->handleRequest(NULL, Object(Config\Cache), false)
#9 C:\xampp\htdocs\Klu_Anket\public\index.php(37): CodeIgniter\CodeIgniter->run()
#10 {main}
CRITICAL - 2022-04-11 03:38:41 --> Attempt to read property "ruleSets" on null
#0 C:\xampp\htdocs\Klu_Anket\system\Validation\Validation.php(93): CodeIgniter\Debug\Exceptions->errorHandler(2, 'Attempt to read...', 'C:\\xampp\\htdocs...', 93)
#1 C:\xampp\htdocs\Klu_Anket\system\Config\Services.php(658): CodeIgniter\Validation\Validation->__construct(NULL, Object(CodeIgniter\View\View))
#2 C:\xampp\htdocs\Klu_Anket\system\Config\BaseService.php(248): CodeIgniter\Config\Services::validation(NULL, false)
#3 C:\xampp\htdocs\Klu_Anket\system\BaseModel.php(298): CodeIgniter\Config\BaseService::__callStatic('validation', Array)
#4 C:\xampp\htdocs\Klu_Anket\system\Model.php(101): CodeIgniter\BaseModel->__construct(NULL)
#5 C:\xampp\htdocs\Klu_Anket\app\Controllers\ownerController.php(236): CodeIgniter\Model->__construct()
#6 C:\xampp\htdocs\Klu_Anket\system\CodeIgniter.php(832): App\Controllers\ownerController->adminAnket()
#7 C:\xampp\htdocs\Klu_Anket\system\CodeIgniter.php(419): CodeIgniter\CodeIgniter->runController(Object(App\Controllers\ownerController))
#8 C:\xampp\htdocs\Klu_Anket\system\CodeIgniter.php(326): CodeIgniter\CodeIgniter->handleRequest(NULL, Object(Config\Cache), false)
#9 C:\xampp\htdocs\Klu_Anket\public\index.php(37): CodeIgniter\CodeIgniter->run()
#10 {main}
CRITICAL - 2022-04-11 03:38:56 --> Attempt to read property "ruleSets" on null
#0 C:\xampp\htdocs\Klu_Anket\system\Validation\Validation.php(93): CodeIgniter\Debug\Exceptions->errorHandler(2, 'Attempt to read...', 'C:\\xampp\\htdocs...', 93)
#1 C:\xampp\htdocs\Klu_Anket\system\Config\Services.php(658): CodeIgniter\Validation\Validation->__construct(NULL, Object(CodeIgniter\View\View))
#2 C:\xampp\htdocs\Klu_Anket\system\Config\BaseService.php(248): CodeIgniter\Config\Services::validation(NULL, false)
#3 C:\xampp\htdocs\Klu_Anket\system\BaseModel.php(298): CodeIgniter\Config\BaseService::__callStatic('validation', Array)
#4 C:\xampp\htdocs\Klu_Anket\system\Model.php(101): CodeIgniter\BaseModel->__construct(NULL)
#5 C:\xampp\htdocs\Klu_Anket\app\Controllers\ownerController.php(236): CodeIgniter\Model->__construct()
#6 C:\xampp\htdocs\Klu_Anket\system\CodeIgniter.php(832): App\Controllers\ownerController->adminAnket()
#7 C:\xampp\htdocs\Klu_Anket\system\CodeIgniter.php(419): CodeIgniter\CodeIgniter->runController(Object(App\Controllers\ownerController))
#8 C:\xampp\htdocs\Klu_Anket\system\CodeIgniter.php(326): CodeIgniter\CodeIgniter->handleRequest(NULL, Object(Config\Cache), false)
#9 C:\xampp\htdocs\Klu_Anket\public\index.php(37): CodeIgniter\CodeIgniter->run()
#10 {main}
CRITICAL - 2022-04-11 03:39:11 --> Attempt to read property "ruleSets" on null
#0 C:\xampp\htdocs\Klu_Anket\system\Validation\Validation.php(93): CodeIgniter\Debug\Exceptions->errorHandler(2, 'Attempt to read...', 'C:\\xampp\\htdocs...', 93)
#1 C:\xampp\htdocs\Klu_Anket\system\Config\Services.php(658): CodeIgniter\Validation\Validation->__construct(NULL, Object(CodeIgniter\View\View))
#2 C:\xampp\htdocs\Klu_Anket\system\Config\BaseService.php(248): CodeIgniter\Config\Services::validation(NULL, false)
#3 C:\xampp\htdocs\Klu_Anket\system\BaseModel.php(298): CodeIgniter\Config\BaseService::__callStatic('validation', Array)
#4 C:\xampp\htdocs\Klu_Anket\system\Model.php(101): CodeIgniter\BaseModel->__construct(NULL)
#5 C:\xampp\htdocs\Klu_Anket\app\Controllers\ownerController.php(236): CodeIgniter\Model->__construct()
#6 C:\xampp\htdocs\Klu_Anket\system\CodeIgniter.php(832): App\Controllers\ownerController->adminAnket()
#7 C:\xampp\htdocs\Klu_Anket\system\CodeIgniter.php(419): CodeIgniter\CodeIgniter->runController(Object(App\Controllers\ownerController))
#8 C:\xampp\htdocs\Klu_Anket\system\CodeIgniter.php(326): CodeIgniter\CodeIgniter->handleRequest(NULL, Object(Config\Cache), false)
#9 C:\xampp\htdocs\Klu_Anket\public\index.php(37): CodeIgniter\CodeIgniter->run()
#10 {main}
CRITICAL - 2022-04-11 03:39:17 --> Attempt to read property "ruleSets" on null
#0 C:\xampp\htdocs\Klu_Anket\system\Validation\Validation.php(93): CodeIgniter\Debug\Exceptions->errorHandler(2, 'Attempt to read...', 'C:\\xampp\\htdocs...', 93)
#1 C:\xampp\htdocs\Klu_Anket\system\Config\Services.php(658): CodeIgniter\Validation\Validation->__construct(NULL, Object(CodeIgniter\View\View))
#2 C:\xampp\htdocs\Klu_Anket\system\Config\BaseService.php(248): CodeIgniter\Config\Services::validation(NULL, false)
#3 C:\xampp\htdocs\Klu_Anket\system\BaseModel.php(298): CodeIgniter\Config\BaseService::__callStatic('validation', Array)
#4 C:\xampp\htdocs\Klu_Anket\system\Model.php(101): CodeIgniter\BaseModel->__construct(NULL)
#5 C:\xampp\htdocs\Klu_Anket\app\Controllers\ownerController.php(236): CodeIgniter\Model->__construct()
#6 C:\xampp\htdocs\Klu_Anket\system\CodeIgniter.php(832): App\Controllers\ownerController->adminAnket()
#7 C:\xampp\htdocs\Klu_Anket\system\CodeIgniter.php(419): CodeIgniter\CodeIgniter->runController(Object(App\Controllers\ownerController))
#8 C:\xampp\htdocs\Klu_Anket\system\CodeIgniter.php(326): CodeIgniter\CodeIgniter->handleRequest(NULL, Object(Config\Cache), false)
#9 C:\xampp\htdocs\Klu_Anket\public\index.php(37): CodeIgniter\CodeIgniter->run()
#10 {main}
CRITICAL - 2022-04-11 03:39:40 --> Attempt to read property "ruleSets" on null
#0 C:\xampp\htdocs\Klu_Anket\system\Validation\Validation.php(93): CodeIgniter\Debug\Exceptions->errorHandler(2, 'Attempt to read...', 'C:\\xampp\\htdocs...', 93)
#1 C:\xampp\htdocs\Klu_Anket\system\Config\Services.php(658): CodeIgniter\Validation\Validation->__construct(NULL, Object(CodeIgniter\View\View))
#2 C:\xampp\htdocs\Klu_Anket\system\Config\BaseService.php(248): CodeIgniter\Config\Services::validation(NULL, false)
#3 C:\xampp\htdocs\Klu_Anket\system\BaseModel.php(298): CodeIgniter\Config\BaseService::__callStatic('validation', Array)
#4 C:\xampp\htdocs\Klu_Anket\system\Model.php(101): CodeIgniter\BaseModel->__construct(NULL)
#5 C:\xampp\htdocs\Klu_Anket\app\Controllers\ownerController.php(236): CodeIgniter\Model->__construct()
#6 C:\xampp\htdocs\Klu_Anket\system\CodeIgniter.php(832): App\Controllers\ownerController->adminAnket()
#7 C:\xampp\htdocs\Klu_Anket\system\CodeIgniter.php(419): CodeIgniter\CodeIgniter->runController(Object(App\Controllers\ownerController))
#8 C:\xampp\htdocs\Klu_Anket\system\CodeIgniter.php(326): CodeIgniter\CodeIgniter->handleRequest(NULL, Object(Config\Cache), false)
#9 C:\xampp\htdocs\Klu_Anket\public\index.php(37): CodeIgniter\CodeIgniter->run()
#10 {main}
CRITICAL - 2022-04-11 03:40:20 --> Attempt to read property "ruleSets" on null
#0 C:\xampp\htdocs\Klu_Anket\system\Validation\Validation.php(93): CodeIgniter\Debug\Exceptions->errorHandler(2, 'Attempt to read...', 'C:\\xampp\\htdocs...', 93)
#1 C:\xampp\htdocs\Klu_Anket\system\Config\Services.php(658): CodeIgniter\Validation\Validation->__construct(NULL, Object(CodeIgniter\View\View))
#2 C:\xampp\htdocs\Klu_Anket\system\Config\BaseService.php(248): CodeIgniter\Config\Services::validation(NULL, false)
#3 C:\xampp\htdocs\Klu_Anket\system\BaseModel.php(298): CodeIgniter\Config\BaseService::__callStatic('validation', Array)
#4 C:\xampp\htdocs\Klu_Anket\system\Model.php(101): CodeIgniter\BaseModel->__construct(NULL)
#5 C:\xampp\htdocs\Klu_Anket\app\Controllers\ownerController.php(236): CodeIgniter\Model->__construct()
#6 C:\xampp\htdocs\Klu_Anket\system\CodeIgniter.php(832): App\Controllers\ownerController->adminAnket()
#7 C:\xampp\htdocs\Klu_Anket\system\CodeIgniter.php(419): CodeIgniter\CodeIgniter->runController(Object(App\Controllers\ownerController))
#8 C:\xampp\htdocs\Klu_Anket\system\CodeIgniter.php(326): CodeIgniter\CodeIgniter->handleRequest(NULL, Object(Config\Cache), false)
#9 C:\xampp\htdocs\Klu_Anket\public\index.php(37): CodeIgniter\CodeIgniter->run()
#10 {main}
CRITICAL - 2022-04-11 03:40:21 --> Attempt to read property "ruleSets" on null
#0 C:\xampp\htdocs\Klu_Anket\system\Validation\Validation.php(93): CodeIgniter\Debug\Exceptions->errorHandler(2, 'Attempt to read...', 'C:\\xampp\\htdocs...', 93)
#1 C:\xampp\htdocs\Klu_Anket\system\Config\Services.php(658): CodeIgniter\Validation\Validation->__construct(NULL, Object(CodeIgniter\View\View))
#2 C:\xampp\htdocs\Klu_Anket\system\Config\BaseService.php(248): CodeIgniter\Config\Services::validation(NULL, false)
#3 C:\xampp\htdocs\Klu_Anket\system\BaseModel.php(298): CodeIgniter\Config\BaseService::__callStatic('validation', Array)
#4 C:\xampp\htdocs\Klu_Anket\system\Model.php(101): CodeIgniter\BaseModel->__construct(NULL)
#5 C:\xampp\htdocs\Klu_Anket\app\Controllers\ownerController.php(236): CodeIgniter\Model->__construct()
#6 C:\xampp\htdocs\Klu_Anket\system\CodeIgniter.php(832): App\Controllers\ownerController->adminAnket()
#7 C:\xampp\htdocs\Klu_Anket\system\CodeIgniter.php(419): CodeIgniter\CodeIgniter->runController(Object(App\Controllers\ownerController))
#8 C:\xampp\htdocs\Klu_Anket\system\CodeIgniter.php(326): CodeIgniter\CodeIgniter->handleRequest(NULL, Object(Config\Cache), false)
#9 C:\xampp\htdocs\Klu_Anket\public\index.php(37): CodeIgniter\CodeIgniter->run()
#10 {main}
CRITICAL - 2022-04-11 03:40:43 --> Attempt to read property "ruleSets" on null
#0 C:\xampp\htdocs\Klu_Anket\system\Validation\Validation.php(93): CodeIgniter\Debug\Exceptions->errorHandler(2, 'Attempt to read...', 'C:\\xampp\\htdocs...', 93)
#1 C:\xampp\htdocs\Klu_Anket\system\Config\Services.php(658): CodeIgniter\Validation\Validation->__construct(NULL, Object(CodeIgniter\View\View))
#2 C:\xampp\htdocs\Klu_Anket\system\Config\BaseService.php(248): CodeIgniter\Config\Services::validation(NULL, false)
#3 C:\xampp\htdocs\Klu_Anket\system\BaseModel.php(298): CodeIgniter\Config\BaseService::__callStatic('validation', Array)
#4 C:\xampp\htdocs\Klu_Anket\system\Model.php(101): CodeIgniter\BaseModel->__construct(NULL)
#5 C:\xampp\htdocs\Klu_Anket\app\Controllers\ownerController.php(236): CodeIgniter\Model->__construct()
#6 C:\xampp\htdocs\Klu_Anket\system\CodeIgniter.php(832): App\Controllers\ownerController->adminAnket()
#7 C:\xampp\htdocs\Klu_Anket\system\CodeIgniter.php(419): CodeIgniter\CodeIgniter->runController(Object(App\Controllers\ownerController))
#8 C:\xampp\htdocs\Klu_Anket\system\CodeIgniter.php(326): CodeIgniter\CodeIgniter->handleRequest(NULL, Object(Config\Cache), false)
#9 C:\xampp\htdocs\Klu_Anket\public\index.php(37): CodeIgniter\CodeIgniter->run()
#10 {main}
CRITICAL - 2022-04-11 03:40:43 --> Attempt to read property "ruleSets" on null
#0 C:\xampp\htdocs\Klu_Anket\system\Validation\Validation.php(93): CodeIgniter\Debug\Exceptions->errorHandler(2, 'Attempt to read...', 'C:\\xampp\\htdocs...', 93)
#1 C:\xampp\htdocs\Klu_Anket\system\Config\Services.php(658): CodeIgniter\Validation\Validation->__construct(NULL, Object(CodeIgniter\View\View))
#2 C:\xampp\htdocs\Klu_Anket\system\Config\BaseService.php(248): CodeIgniter\Config\Services::validation(NULL, false)
#3 C:\xampp\htdocs\Klu_Anket\system\BaseModel.php(298): CodeIgniter\Config\BaseService::__callStatic('validation', Array)
#4 C:\xampp\htdocs\Klu_Anket\system\Model.php(101): CodeIgniter\BaseModel->__construct(NULL)
#5 C:\xampp\htdocs\Klu_Anket\app\Controllers\ownerController.php(236): CodeIgniter\Model->__construct()
#6 C:\xampp\htdocs\Klu_Anket\system\CodeIgniter.php(832): App\Controllers\ownerController->adminAnket()
#7 C:\xampp\htdocs\Klu_Anket\system\CodeIgniter.php(419): CodeIgniter\CodeIgniter->runController(Object(App\Controllers\ownerController))
#8 C:\xampp\htdocs\Klu_Anket\system\CodeIgniter.php(326): CodeIgniter\CodeIgniter->handleRequest(NULL, Object(Config\Cache), false)
#9 C:\xampp\htdocs\Klu_Anket\public\index.php(37): CodeIgniter\CodeIgniter->run()
#10 {main}
CRITICAL - 2022-04-11 03:40:44 --> Attempt to read property "ruleSets" on null
#0 C:\xampp\htdocs\Klu_Anket\system\Validation\Validation.php(93): CodeIgniter\Debug\Exceptions->errorHandler(2, 'Attempt to read...', 'C:\\xampp\\htdocs...', 93)
#1 C:\xampp\htdocs\Klu_Anket\system\Config\Services.php(658): CodeIgniter\Validation\Validation->__construct(NULL, Object(CodeIgniter\View\View))
#2 C:\xampp\htdocs\Klu_Anket\system\Config\BaseService.php(248): CodeIgniter\Config\Services::validation(NULL, false)
#3 C:\xampp\htdocs\Klu_Anket\system\BaseModel.php(298): CodeIgniter\Config\BaseService::__callStatic('validation', Array)
#4 C:\xampp\htdocs\Klu_Anket\system\Model.php(101): CodeIgniter\BaseModel->__construct(NULL)
#5 C:\xampp\htdocs\Klu_Anket\app\Controllers\ownerController.php(236): CodeIgniter\Model->__construct()
#6 C:\xampp\htdocs\Klu_Anket\system\CodeIgniter.php(832): App\Controllers\ownerController->adminAnket()
#7 C:\xampp\htdocs\Klu_Anket\system\CodeIgniter.php(419): CodeIgniter\CodeIgniter->runController(Object(App\Controllers\ownerController))
#8 C:\xampp\htdocs\Klu_Anket\system\CodeIgniter.php(326): CodeIgniter\CodeIgniter->handleRequest(NULL, Object(Config\Cache), false)
#9 C:\xampp\htdocs\Klu_Anket\public\index.php(37): CodeIgniter\CodeIgniter->run()
#10 {main}
CRITICAL - 2022-04-11 03:41:25 --> Attempt to read property "ruleSets" on null
#0 C:\xampp\htdocs\Klu_Anket\system\Validation\Validation.php(93): CodeIgniter\Debug\Exceptions->errorHandler(2, 'Attempt to read...', 'C:\\xampp\\htdocs...', 93)
#1 C:\xampp\htdocs\Klu_Anket\system\Config\Services.php(658): CodeIgniter\Validation\Validation->__construct(NULL, Object(CodeIgniter\View\View))
#2 C:\xampp\htdocs\Klu_Anket\system\Config\BaseService.php(248): CodeIgniter\Config\Services::validation(NULL, false)
#3 C:\xampp\htdocs\Klu_Anket\system\BaseModel.php(298): CodeIgniter\Config\BaseService::__callStatic('validation', Array)
#4 C:\xampp\htdocs\Klu_Anket\system\Model.php(101): CodeIgniter\BaseModel->__construct(NULL)
#5 C:\xampp\htdocs\Klu_Anket\app\Controllers\ownerController.php(236): CodeIgniter\Model->__construct()
#6 C:\xampp\htdocs\Klu_Anket\system\CodeIgniter.php(832): App\Controllers\ownerController->adminAnket()
#7 C:\xampp\htdocs\Klu_Anket\system\CodeIgniter.php(419): CodeIgniter\CodeIgniter->runController(Object(App\Controllers\ownerController))
#8 C:\xampp\htdocs\Klu_Anket\system\CodeIgniter.php(326): CodeIgniter\CodeIgniter->handleRequest(NULL, Object(Config\Cache), false)
#9 C:\xampp\htdocs\Klu_Anket\public\index.php(37): CodeIgniter\CodeIgniter->run()
#10 {main}
CRITICAL - 2022-04-11 03:41:26 --> Attempt to read property "ruleSets" on null
#0 C:\xampp\htdocs\Klu_Anket\system\Validation\Validation.php(93): CodeIgniter\Debug\Exceptions->errorHandler(2, 'Attempt to read...', 'C:\\xampp\\htdocs...', 93)
#1 C:\xampp\htdocs\Klu_Anket\system\Config\Services.php(658): CodeIgniter\Validation\Validation->__construct(NULL, Object(CodeIgniter\View\View))
#2 C:\xampp\htdocs\Klu_Anket\system\Config\BaseService.php(248): CodeIgniter\Config\Services::validation(NULL, false)
#3 C:\xampp\htdocs\Klu_Anket\system\BaseModel.php(298): CodeIgniter\Config\BaseService::__callStatic('validation', Array)
#4 C:\xampp\htdocs\Klu_Anket\system\Model.php(101): CodeIgniter\BaseModel->__construct(NULL)
#5 C:\xampp\htdocs\Klu_Anket\app\Controllers\ownerController.php(236): CodeIgniter\Model->__construct()
#6 C:\xampp\htdocs\Klu_Anket\system\CodeIgniter.php(832): App\Controllers\ownerController->adminAnket()
#7 C:\xampp\htdocs\Klu_Anket\system\CodeIgniter.php(419): CodeIgniter\CodeIgniter->runController(Object(App\Controllers\ownerController))
#8 C:\xampp\htdocs\Klu_Anket\system\CodeIgniter.php(326): CodeIgniter\CodeIgniter->handleRequest(NULL, Object(Config\Cache), false)
#9 C:\xampp\htdocs\Klu_Anket\public\index.php(37): CodeIgniter\CodeIgniter->run()
#10 {main}
CRITICAL - 2022-04-11 03:41:44 --> Attempt to read property "ruleSets" on null
#0 C:\xampp\htdocs\Klu_Anket\system\Validation\Validation.php(93): CodeIgniter\Debug\Exceptions->errorHandler(2, 'Attempt to read...', 'C:\\xampp\\htdocs...', 93)
#1 C:\xampp\htdocs\Klu_Anket\system\Config\Services.php(658): CodeIgniter\Validation\Validation->__construct(NULL, Object(CodeIgniter\View\View))
#2 C:\xampp\htdocs\Klu_Anket\system\Config\BaseService.php(248): CodeIgniter\Config\Services::validation(NULL, false)
#3 C:\xampp\htdocs\Klu_Anket\system\BaseModel.php(298): CodeIgniter\Config\BaseService::__callStatic('validation', Array)
#4 C:\xampp\htdocs\Klu_Anket\system\Model.php(101): CodeIgniter\BaseModel->__construct(NULL)
#5 C:\xampp\htdocs\Klu_Anket\app\Controllers\ownerController.php(236): CodeIgniter\Model->__construct()
#6 C:\xampp\htdocs\Klu_Anket\system\CodeIgniter.php(832): App\Controllers\ownerController->adminAnket()
#7 C:\xampp\htdocs\Klu_Anket\system\CodeIgniter.php(419): CodeIgniter\CodeIgniter->runController(Object(App\Controllers\ownerController))
#8 C:\xampp\htdocs\Klu_Anket\system\CodeIgniter.php(326): CodeIgniter\CodeIgniter->handleRequest(NULL, Object(Config\Cache), false)
#9 C:\xampp\htdocs\Klu_Anket\public\index.php(37): CodeIgniter\CodeIgniter->run()
#10 {main}
ERROR - 2022-04-11 03:42:41 --> Error connecting to the database: Access denied for user '****'@'localhost' (using password: NO)
CRITICAL - 2022-04-11 03:42:41 --> Unable to connect to the database.
Main connection [MySQLi]: Access denied for user '****'@'localhost' (using password: NO)
#0 C:\xampp\htdocs\Klu_Anket\system\Database\BaseConnection.php(577): CodeIgniter\Database\BaseConnection->initialize()
#1 C:\xampp\htdocs\Klu_Anket\system\Database\BaseBuilder.php(1588): CodeIgniter\Database\BaseConnection->query('SELECT *\nFROM `...', Array, false)
#2 C:\xampp\htdocs\Klu_Anket\app\Models\IslemModel.php(14): CodeIgniter\Database\BaseBuilder->getWhere(Array)
#3 C:\xampp\htdocs\Klu_Anket\app\Controllers\ownerController.php(237): App\Models\IslemModel->getControlMember('icabikrz@gmail....')
#4 C:\xampp\htdocs\Klu_Anket\system\CodeIgniter.php(832): App\Controllers\ownerController->adminAnket()
#5 C:\xampp\htdocs\Klu_Anket\system\CodeIgniter.php(419): CodeIgniter\CodeIgniter->runController(Object(App\Controllers\ownerController))
#6 C:\xampp\htdocs\Klu_Anket\system\CodeIgniter.php(326): CodeIgniter\CodeIgniter->handleRequest(NULL, Object(Config\Cache), false)
#7 C:\xampp\htdocs\Klu_Anket\public\index.php(37): CodeIgniter\CodeIgniter->run()
#8 {main}
ERROR - 2022-04-11 03:43:05 --> Error connecting to the database: Hedef makine etkin olarak reddettiğinden bağlantı kurulamadı
CRITICAL - 2022-04-11 03:43:05 --> Unable to connect to the database.
Main connection [MySQLi]: Hedef makine etkin olarak reddettiğinden bağlantı kurulamadı
#0 C:\xampp\htdocs\Klu_Anket\system\Database\BaseConnection.php(577): CodeIgniter\Database\BaseConnection->initialize()
#1 C:\xampp\htdocs\Klu_Anket\system\Database\BaseBuilder.php(1588): CodeIgniter\Database\BaseConnection->query('SELECT *\nFROM `...', Array, false)
#2 C:\xampp\htdocs\Klu_Anket\app\Models\IslemModel.php(14): CodeIgniter\Database\BaseBuilder->getWhere(Array)
#3 C:\xampp\htdocs\Klu_Anket\app\Controllers\ownerController.php(237): App\Models\IslemModel->getControlMember('icabikrz@gmail....')
#4 C:\xampp\htdocs\Klu_Anket\system\CodeIgniter.php(832): App\Controllers\ownerController->adminAnket()
#5 C:\xampp\htdocs\Klu_Anket\system\CodeIgniter.php(419): CodeIgniter\CodeIgniter->runController(Object(App\Controllers\ownerController))
#6 C:\xampp\htdocs\Klu_Anket\system\CodeIgniter.php(326): CodeIgniter\CodeIgniter->handleRequest(NULL, Object(Config\Cache), false)
#7 C:\xampp\htdocs\Klu_Anket\public\index.php(37): CodeIgniter\CodeIgniter->run()
#8 {main}
ERROR - 2022-04-11 03:43:27 --> Error connecting to the database: Hedef makine etkin olarak reddettiğinden bağlantı kurulamadı
CRITICAL - 2022-04-11 03:43:27 --> Unable to connect to the database.
Main connection [MySQLi]: Hedef makine etkin olarak reddettiğinden bağlantı kurulamadı
#0 C:\xampp\htdocs\Klu_Anket\system\Database\BaseConnection.php(577): CodeIgniter\Database\BaseConnection->initialize()
#1 C:\xampp\htdocs\Klu_Anket\system\Database\BaseBuilder.php(1588): CodeIgniter\Database\BaseConnection->query('SELECT *\nFROM `...', Array, false)
#2 C:\xampp\htdocs\Klu_Anket\app\Models\IslemModel.php(14): CodeIgniter\Database\BaseBuilder->getWhere(Array)
#3 C:\xampp\htdocs\Klu_Anket\app\Controllers\ownerController.php(237): App\Models\IslemModel->getControlMember('icabikrz@gmail....')
#4 C:\xampp\htdocs\Klu_Anket\system\CodeIgniter.php(832): App\Controllers\ownerController->adminAnket()
#5 C:\xampp\htdocs\Klu_Anket\system\CodeIgniter.php(419): CodeIgniter\CodeIgniter->runController(Object(App\Controllers\ownerController))
#6 C:\xampp\htdocs\Klu_Anket\system\CodeIgniter.php(326): CodeIgniter\CodeIgniter->handleRequest(NULL, Object(Config\Cache), false)
#7 C:\xampp\htdocs\Klu_Anket\public\index.php(37): CodeIgniter\CodeIgniter->run()
#8 {main}
ERROR - 2022-04-11 04:06:06 --> Error connecting to the database: Access denied for user '****'@'localhost' (using password: NO)
CRITICAL - 2022-04-11 04:06:06 --> Unable to connect to the database.
Main connection [MySQLi]: Access denied for user '****'@'localhost' (using password: NO)
#0 C:\xampp\htdocs\Klu_Anket\system\Database\BaseConnection.php(577): CodeIgniter\Database\BaseConnection->initialize()
#1 C:\xampp\htdocs\Klu_Anket\system\Database\BaseBuilder.php(1588): CodeIgniter\Database\BaseConnection->query('SELECT *\nFROM `...', Array, false)
#2 C:\xampp\htdocs\Klu_Anket\app\Models\IslemModel.php(14): CodeIgniter\Database\BaseBuilder->getWhere(Array)
#3 C:\xampp\htdocs\Klu_Anket\app\Controllers\ownerController.php(371): App\Models\IslemModel->getControlMember('icabikrz@gmail....')
#4 C:\xampp\htdocs\Klu_Anket\system\CodeIgniter.php(832): App\Controllers\ownerController->anketAnaliz('64')
#5 C:\xampp\htdocs\Klu_Anket\system\CodeIgniter.php(419): CodeIgniter\CodeIgniter->runController(Object(App\Controllers\ownerController))
#6 C:\xampp\htdocs\Klu_Anket\system\CodeIgniter.php(326): CodeIgniter\CodeIgniter->handleRequest(NULL, Object(Config\Cache), false)
#7 C:\xampp\htdocs\Klu_Anket\public\index.php(37): CodeIgniter\CodeIgniter->run()
#8 {main}
CRITICAL - 2022-04-11 04:19:03 --> Invalid file: adminPrfil.php
#0 C:\xampp\htdocs\Klu_Anket\system\View\View.php(198): CodeIgniter\Exceptions\FrameworkException::forInvalidFile('adminPrfil.php')
#1 C:\xampp\htdocs\Klu_Anket\system\Common.php(1089): CodeIgniter\View\View->render('adminPrfil', Array, true)
#2 C:\xampp\htdocs\Klu_Anket\app\Controllers\ownerController.php(632): view('adminPrfil', Array)
#3 C:\xampp\htdocs\Klu_Anket\system\CodeIgniter.php(832): App\Controllers\ownerController->adminProfil(Object(stdClass))
#4 C:\xampp\htdocs\Klu_Anket\system\CodeIgniter.php(419): CodeIgniter\CodeIgniter->runController(Object(App\Controllers\ownerController))
#5 C:\xampp\htdocs\Klu_Anket\system\CodeIgniter.php(326): CodeIgniter\CodeIgniter->handleRequest(NULL, Object(Config\Cache), false)
#6 C:\xampp\htdocs\Klu_Anket\public\index.php(37): CodeIgniter\CodeIgniter->run()
#7 {main}
CRITICAL - 2022-04-11 04:44:13 --> Unmatched '}'
#0 C:\xampp\htdocs\Klu_Anket\system\View\View.php(213): CodeIgniter\View\View->CodeIgniter\View\{closure}()
#1 C:\xampp\htdocs\Klu_Anket\system\Common.php(1089): CodeIgniter\View\View->render('adminProfil', Array, true)
#2 C:\xampp\htdocs\Klu_Anket\app\Controllers\ownerController.php(633): view('adminProfil', Array)
#3 C:\xampp\htdocs\Klu_Anket\system\CodeIgniter.php(832): App\Controllers\ownerController->adminProfil('8')
#4 C:\xampp\htdocs\Klu_Anket\system\CodeIgniter.php(419): CodeIgniter\CodeIgniter->runController(Object(App\Controllers\ownerController))
#5 C:\xampp\htdocs\Klu_Anket\system\CodeIgniter.php(326): CodeIgniter\CodeIgniter->handleRequest(NULL, Object(Config\Cache), false)
#6 C:\xampp\htdocs\Klu_Anket\public\index.php(37): CodeIgniter\CodeIgniter->run()
#7 {main}
