ERROR - 2022-04-01 12:28:22 --> Error connecting to the database: Access denied for user '****'@'localhost' (using password: NO)
CRITICAL - 2022-04-01 12:28:22 --> Unable to connect to the database.
Main connection [MySQLi]: Access denied for user '****'@'localhost' (using password: NO)
#0 C:\xampp\htdocs\Klu_Anket\system\Database\BaseConnection.php(577): CodeIgniter\Database\BaseConnection->initialize()
#1 C:\xampp\htdocs\Klu_Anket\system\Database\BaseBuilder.php(1455): CodeIgniter\Database\BaseConnection->query('SELECT *\nFROM `...', Array, false)
#2 C:\xampp\htdocs\Klu_Anket\app\Models\AyarModel.php(8): CodeIgniter\Database\BaseBuilder->get()
#3 C:\xampp\htdocs\Klu_Anket\app\Controllers\Home.php(14): App\Models\AyarModel->get_Ayars('SiteLinki')
#4 C:\xampp\htdocs\Klu_Anket\system\CodeIgniter.php(832): App\Controllers\Home->index()
#5 C:\xampp\htdocs\Klu_Anket\system\CodeIgniter.php(419): CodeIgniter\CodeIgniter->runController(Object(App\Controllers\Home))
#6 C:\xampp\htdocs\Klu_Anket\system\CodeIgniter.php(326): CodeIgniter\CodeIgniter->handleRequest(NULL, Object(Config\Cache), false)
#7 C:\xampp\htdocs\Klu_Anket\public\index.php(37): CodeIgniter\CodeIgniter->run()
#8 {main}
CRITICAL - 2022-04-01 13:02:18 --> Undefined array key "Yonetici"
#0 C:\xampp\htdocs\Klu_Anket\app\Controllers\publicAnketler.php(26): CodeIgniter\Debug\Exceptions->errorHandler(2, 'Undefined array...', 'C:\\xampp\\htdocs...', 26)
#1 C:\xampp\htdocs\Klu_Anket\system\CodeIgniter.php(832): App\Controllers\publicAnketler->Anketler('3-anket-girisim...')
#2 C:\xampp\htdocs\Klu_Anket\system\CodeIgniter.php(419): CodeIgniter\CodeIgniter->runController(Object(App\Controllers\publicAnketler))
#3 C:\xampp\htdocs\Klu_Anket\system\CodeIgniter.php(326): CodeIgniter\CodeIgniter->handleRequest(NULL, Object(Config\Cache), false)
#4 C:\xampp\htdocs\Klu_Anket\public\index.php(37): CodeIgniter\CodeIgniter->run()
#5 {main}
CRITICAL - 2022-04-01 13:24:20 --> Undefined array key 3
#0 C:\xampp\htdocs\Klu_Anket\app\Controllers\ownerController.php(100): CodeIgniter\Debug\Exceptions->errorHandler(2, 'Undefined array...', 'C:\\xampp\\htdocs...', 100)
#1 C:\xampp\htdocs\Klu_Anket\system\CodeIgniter.php(832): App\Controllers\ownerController->anketAdd()
#2 C:\xampp\htdocs\Klu_Anket\system\CodeIgniter.php(419): CodeIgniter\CodeIgniter->runController(Object(App\Controllers\ownerController))
#3 C:\xampp\htdocs\Klu_Anket\system\CodeIgniter.php(326): CodeIgniter\CodeIgniter->handleRequest(NULL, Object(Config\Cache), false)
#4 C:\xampp\htdocs\Klu_Anket\public\index.php(37): CodeIgniter\CodeIgniter->run()
#5 {main}
CRITICAL - 2022-04-01 13:24:32 --> Undefined array key 3
#0 C:\xampp\htdocs\Klu_Anket\app\Controllers\ownerController.php(100): CodeIgniter\Debug\Exceptions->errorHandler(2, 'Undefined array...', 'C:\\xampp\\htdocs...', 100)
#1 C:\xampp\htdocs\Klu_Anket\system\CodeIgniter.php(832): App\Controllers\ownerController->anketAdd()
#2 C:\xampp\htdocs\Klu_Anket\system\CodeIgniter.php(419): CodeIgniter\CodeIgniter->runController(Object(App\Controllers\ownerController))
#3 C:\xampp\htdocs\Klu_Anket\system\CodeIgniter.php(326): CodeIgniter\CodeIgniter->handleRequest(NULL, Object(Config\Cache), false)
#4 C:\xampp\htdocs\Klu_Anket\public\index.php(37): CodeIgniter\CodeIgniter->run()
#5 {main}
CRITICAL - 2022-04-01 13:32:20 --> Undefined variable $gelenAnketCoveragerlar
#0 C:\xampp\htdocs\Klu_Anket\app\Views\adminAnketGuncelle.php(43): CodeIgniter\Debug\Exceptions->errorHandler(2, 'Undefined varia...', 'C:\\xampp\\htdocs...', 43)
#1 C:\xampp\htdocs\Klu_Anket\system\View\View.php(210): include('C:\\xampp\\htdocs...')
#2 C:\xampp\htdocs\Klu_Anket\system\View\View.php(213): CodeIgniter\View\View->CodeIgniter\View\{closure}()
#3 C:\xampp\htdocs\Klu_Anket\system\Common.php(1089): CodeIgniter\View\View->render('adminAnketGunce...', Array, true)
#4 C:\xampp\htdocs\Klu_Anket\app\Controllers\ownerController.php(251): view('adminAnketGunce...', Array)
#5 C:\xampp\htdocs\Klu_Anket\system\CodeIgniter.php(832): App\Controllers\ownerController->adminAnketGuncelle('18')
#6 C:\xampp\htdocs\Klu_Anket\system\CodeIgniter.php(419): CodeIgniter\CodeIgniter->runController(Object(App\Controllers\ownerController))
#7 C:\xampp\htdocs\Klu_Anket\system\CodeIgniter.php(326): CodeIgniter\CodeIgniter->handleRequest(NULL, Object(Config\Cache), false)
#8 C:\xampp\htdocs\Klu_Anket\public\index.php(37): CodeIgniter\CodeIgniter->run()
#9 {main}
CRITICAL - 2022-04-01 13:32:23 --> Undefined variable $gelenAnketCoveragerlar
#0 C:\xampp\htdocs\Klu_Anket\app\Views\adminAnketGuncelle.php(43): CodeIgniter\Debug\Exceptions->errorHandler(2, 'Undefined varia...', 'C:\\xampp\\htdocs...', 43)
#1 C:\xampp\htdocs\Klu_Anket\system\View\View.php(210): include('C:\\xampp\\htdocs...')
#2 C:\xampp\htdocs\Klu_Anket\system\View\View.php(213): CodeIgniter\View\View->CodeIgniter\View\{closure}()
#3 C:\xampp\htdocs\Klu_Anket\system\Common.php(1089): CodeIgniter\View\View->render('adminAnketGunce...', Array, true)
#4 C:\xampp\htdocs\Klu_Anket\app\Controllers\ownerController.php(251): view('adminAnketGunce...', Array)
#5 C:\xampp\htdocs\Klu_Anket\system\CodeIgniter.php(832): App\Controllers\ownerController->adminAnketGuncelle('36')
#6 C:\xampp\htdocs\Klu_Anket\system\CodeIgniter.php(419): CodeIgniter\CodeIgniter->runController(Object(App\Controllers\ownerController))
#7 C:\xampp\htdocs\Klu_Anket\system\CodeIgniter.php(326): CodeIgniter\CodeIgniter->handleRequest(NULL, Object(Config\Cache), false)
#8 C:\xampp\htdocs\Klu_Anket\public\index.php(37): CodeIgniter\CodeIgniter->run()
#9 {main}
CRITICAL - 2022-04-01 13:32:27 --> Undefined variable $gelenAnketCoveragerlar
#0 C:\xampp\htdocs\Klu_Anket\app\Views\adminAnketGuncelle.php(43): CodeIgniter\Debug\Exceptions->errorHandler(2, 'Undefined varia...', 'C:\\xampp\\htdocs...', 43)
#1 C:\xampp\htdocs\Klu_Anket\system\View\View.php(210): include('C:\\xampp\\htdocs...')
#2 C:\xampp\htdocs\Klu_Anket\system\View\View.php(213): CodeIgniter\View\View->CodeIgniter\View\{closure}()
#3 C:\xampp\htdocs\Klu_Anket\system\Common.php(1089): CodeIgniter\View\View->render('adminAnketGunce...', Array, true)
#4 C:\xampp\htdocs\Klu_Anket\app\Controllers\ownerController.php(251): view('adminAnketGunce...', Array)
#5 C:\xampp\htdocs\Klu_Anket\system\CodeIgniter.php(832): App\Controllers\ownerController->adminAnketGuncelle('36')
#6 C:\xampp\htdocs\Klu_Anket\system\CodeIgniter.php(419): CodeIgniter\CodeIgniter->runController(Object(App\Controllers\ownerController))
#7 C:\xampp\htdocs\Klu_Anket\system\CodeIgniter.php(326): CodeIgniter\CodeIgniter->handleRequest(NULL, Object(Config\Cache), false)
#8 C:\xampp\htdocs\Klu_Anket\public\index.php(37): CodeIgniter\CodeIgniter->run()
#9 {main}
CRITICAL - 2022-04-01 13:34:25 --> Undefined variable $gelenAnketCoveragerlar
#0 C:\xampp\htdocs\Klu_Anket\app\Views\adminAnketGuncelle.php(44): CodeIgniter\Debug\Exceptions->errorHandler(2, 'Undefined varia...', 'C:\\xampp\\htdocs...', 44)
#1 C:\xampp\htdocs\Klu_Anket\system\View\View.php(210): include('C:\\xampp\\htdocs...')
#2 C:\xampp\htdocs\Klu_Anket\system\View\View.php(213): CodeIgniter\View\View->CodeIgniter\View\{closure}()
#3 C:\xampp\htdocs\Klu_Anket\system\Common.php(1089): CodeIgniter\View\View->render('adminAnketGunce...', Array, true)
#4 C:\xampp\htdocs\Klu_Anket\app\Controllers\ownerController.php(251): view('adminAnketGunce...', Array)
#5 C:\xampp\htdocs\Klu_Anket\system\CodeIgniter.php(832): App\Controllers\ownerController->adminAnketGuncelle('36')
#6 C:\xampp\htdocs\Klu_Anket\system\CodeIgniter.php(419): CodeIgniter\CodeIgniter->runController(Object(App\Controllers\ownerController))
#7 C:\xampp\htdocs\Klu_Anket\system\CodeIgniter.php(326): CodeIgniter\CodeIgniter->handleRequest(NULL, Object(Config\Cache), false)
#8 C:\xampp\htdocs\Klu_Anket\public\index.php(37): CodeIgniter\CodeIgniter->run()
#9 {main}
ERROR - 2022-04-01 15:22:51 --> Error connecting to the database: Access denied for user '****'@'localhost' (using password: NO)
CRITICAL - 2022-04-01 15:22:51 --> Unable to connect to the database.
Main connection [MySQLi]: Access denied for user '****'@'localhost' (using password: NO)
#0 C:\xampp\htdocs\Klu_Anket\system\Database\BaseConnection.php(577): CodeIgniter\Database\BaseConnection->initialize()
#1 C:\xampp\htdocs\Klu_Anket\system\Database\BaseBuilder.php(1455): CodeIgniter\Database\BaseConnection->query('SELECT *\nFROM `...', Array, false)
#2 C:\xampp\htdocs\Klu_Anket\app\Models\AyarModel.php(8): CodeIgniter\Database\BaseBuilder->get()
#3 C:\xampp\htdocs\Klu_Anket\app\Controllers\Data.php(45): App\Models\AyarModel->get_Ayars('SiteLinki')
#4 C:\xampp\htdocs\Klu_Anket\system\CodeIgniter.php(832): App\Controllers\Data->index()
#5 C:\xampp\htdocs\Klu_Anket\system\CodeIgniter.php(419): CodeIgniter\CodeIgniter->runController(Object(App\Controllers\Data))
#6 C:\xampp\htdocs\Klu_Anket\system\CodeIgniter.php(326): CodeIgniter\CodeIgniter->handleRequest(NULL, Object(Config\Cache), false)
#7 C:\xampp\htdocs\Klu_Anket\public\index.php(37): CodeIgniter\CodeIgniter->run()
#8 {main}
CRITICAL - 2022-04-01 16:55:45 --> Undefined variable $zorunluAlan
#0 C:\xampp\htdocs\Klu_Anket\app\Views\public\publicAnketler.php(80): CodeIgniter\Debug\Exceptions->errorHandler(2, 'Undefined varia...', 'C:\\xampp\\htdocs...', 80)
#1 C:\xampp\htdocs\Klu_Anket\system\View\View.php(210): include('C:\\xampp\\htdocs...')
#2 C:\xampp\htdocs\Klu_Anket\system\View\View.php(213): CodeIgniter\View\View->CodeIgniter\View\{closure}()
#3 C:\xampp\htdocs\Klu_Anket\system\Common.php(1089): CodeIgniter\View\View->render('public/publicAn...', Array, true)
#4 C:\xampp\htdocs\Klu_Anket\app\Controllers\publicAnketler.php(48): view('public/publicAn...', Array)
#5 C:\xampp\htdocs\Klu_Anket\system\CodeIgniter.php(832): App\Controllers\publicAnketler->Anketler('anket-basligi-3...')
#6 C:\xampp\htdocs\Klu_Anket\system\CodeIgniter.php(419): CodeIgniter\CodeIgniter->runController(Object(App\Controllers\publicAnketler))
#7 C:\xampp\htdocs\Klu_Anket\system\CodeIgniter.php(326): CodeIgniter\CodeIgniter->handleRequest(NULL, Object(Config\Cache), false)
#8 C:\xampp\htdocs\Klu_Anket\public\index.php(37): CodeIgniter\CodeIgniter->run()
#9 {main}
CRITICAL - 2022-04-01 16:56:20 --> Undefined variable $anketZorunluluk
#0 C:\xampp\htdocs\Klu_Anket\app\Views\public\publicAnketler.php(85): CodeIgniter\Debug\Exceptions->errorHandler(2, 'Undefined varia...', 'C:\\xampp\\htdocs...', 85)
#1 C:\xampp\htdocs\Klu_Anket\system\View\View.php(210): include('C:\\xampp\\htdocs...')
#2 C:\xampp\htdocs\Klu_Anket\system\View\View.php(213): CodeIgniter\View\View->CodeIgniter\View\{closure}()
#3 C:\xampp\htdocs\Klu_Anket\system\Common.php(1089): CodeIgniter\View\View->render('public/publicAn...', Array, true)
#4 C:\xampp\htdocs\Klu_Anket\app\Controllers\publicAnketler.php(48): view('public/publicAn...', Array)
#5 C:\xampp\htdocs\Klu_Anket\system\CodeIgniter.php(832): App\Controllers\publicAnketler->Anketler('anket-basligi-3...')
#6 C:\xampp\htdocs\Klu_Anket\system\CodeIgniter.php(419): CodeIgniter\CodeIgniter->runController(Object(App\Controllers\publicAnketler))
#7 C:\xampp\htdocs\Klu_Anket\system\CodeIgniter.php(326): CodeIgniter\CodeIgniter->handleRequest(NULL, Object(Config\Cache), false)
#8 C:\xampp\htdocs\Klu_Anket\public\index.php(37): CodeIgniter\CodeIgniter->run()
#9 {main}
CRITICAL - 2022-04-01 16:57:01 --> Undefined variable $zorunluAlan
#0 C:\xampp\htdocs\Klu_Anket\app\Views\public\publicAnketler.php(80): CodeIgniter\Debug\Exceptions->errorHandler(2, 'Undefined varia...', 'C:\\xampp\\htdocs...', 80)
#1 C:\xampp\htdocs\Klu_Anket\system\View\View.php(210): include('C:\\xampp\\htdocs...')
#2 C:\xampp\htdocs\Klu_Anket\system\View\View.php(213): CodeIgniter\View\View->CodeIgniter\View\{closure}()
#3 C:\xampp\htdocs\Klu_Anket\system\Common.php(1089): CodeIgniter\View\View->render('public/publicAn...', Array, true)
#4 C:\xampp\htdocs\Klu_Anket\app\Controllers\publicAnketler.php(48): view('public/publicAn...', Array)
#5 C:\xampp\htdocs\Klu_Anket\system\CodeIgniter.php(832): App\Controllers\publicAnketler->Anketler('anket-basligi-3...')
#6 C:\xampp\htdocs\Klu_Anket\system\CodeIgniter.php(419): CodeIgniter\CodeIgniter->runController(Object(App\Controllers\publicAnketler))
#7 C:\xampp\htdocs\Klu_Anket\system\CodeIgniter.php(326): CodeIgniter\CodeIgniter->handleRequest(NULL, Object(Config\Cache), false)
#8 C:\xampp\htdocs\Klu_Anket\public\index.php(37): CodeIgniter\CodeIgniter->run()
#9 {main}
